#
# There is insufficient memory for the Java Runtime Environment to continue.
# Native memory allocation (mmap) failed to map 48234496 bytes for G1 virtual space
# Possible reasons:
#   The system is out of physical RAM or swap space
#   The process is running with CompressedOops enabled, and the Java Heap may be blocking the growth of the native heap
# Possible solutions:
#   Reduce memory load on the system
#   Increase physical memory or swap space
#   Check if swap backing store is full
#   Decrease Java heap size (-Xmx/-Xms)
#   Decrease number of Java threads
#   Decrease Java thread stack sizes (-Xss)
#   Set larger code cache with -XX:ReservedCodeCacheSize=
#   JVM is running with Unscaled Compressed Oops mode in which the Java heap is
#     placed in the first 4GB address space. The Java Heap base address is the
#     maximum limit for the native heap growth. Please use -XX:HeapBaseMinAddress
#     to set the Java Heap base and to place the Java Heap above 4GB virtual address.
# This output file may be truncated or incomplete.
#
#  Out of Memory Error (os_windows.cpp:3535), pid=26176, tid=16948
#
# JRE version: OpenJDK Runtime Environment Temurin-17.0.3+7 (17.0.3+7) (build 17.0.3+7)
# Java VM: OpenJDK 64-Bit Server VM Temurin-17.0.3+7 (17.0.3+7, mixed mode, emulated-client, tiered, compressed oops, compressed class ptrs, g1 gc, windows-amd64)
# No core dump will be written. Minidumps are not enabled by default on client versions of Windows
#

---------------  S U M M A R Y ------------

Command Line: --add-modules=ALL-SYSTEM --add-exports=jdk.compiler/com.sun.tools.javac.file=ALL-UNNAMED --add-exports=jdk.compiler/com.sun.tools.javac.util=ALL-UNNAMED --add-exports=jdk.compiler/com.sun.tools.javac.comp=ALL-UNNAMED --add-exports=jdk.compiler/com.sun.tools.javac.main=ALL-UNNAMED --add-exports=jdk.compiler/com.sun.tools.javac.tree=ALL-UNNAMED --add-exports=jdk.compiler/com.sun.tools.javac.code=ALL-UNNAMED -Dsts.lsp.client=vscode -Dsts.log.file=/dev/null -XX:TieredStopAtLevel=1 -Dspring.config.location=file:c:\Users\muham\.vscode\extensions\pivotal.vscode-spring-boot-1.36.0\language-server\BOOT-INF\classes\application.properties org.springframework.ide.vscode.boot.app.BootLanguageServerBootApp

Host: AMD Ryzen 5 3500U with Radeon Vega Mobile Gfx  , 8 cores, 5G,  Windows 11 , 64 bit Build 22000 (10.0.22000.708)
Time: Fri Jul 22 23:40:28 2022 Türkiye Standart Saati elapsed time: 33.241386 seconds (0d 0h 0m 33s)

---------------  T H R E A D  ---------------

Current thread (0x00000254cc86f130):  VMThread "VM Thread" [stack: 0x000000d0b4300000,0x000000d0b4400000] [id=16948]

Stack: [0x000000d0b4300000,0x000000d0b4400000]
Native frames: (J=compiled Java code, j=interpreted, Vv=VM code, C=native code)
V  [jvm.dll+0x675efa]
V  [jvm.dll+0x830a24]
V  [jvm.dll+0x8321ce]
V  [jvm.dll+0x832833]
V  [jvm.dll+0x2454b5]
V  [jvm.dll+0x672de9]
V  [jvm.dll+0x667732]
V  [jvm.dll+0x3043ab]
V  [jvm.dll+0x30b8f6]
V  [jvm.dll+0x35b62e]
V  [jvm.dll+0x35b85f]
V  [jvm.dll+0x2db248]
V  [jvm.dll+0x2de2d6]
V  [jvm.dll+0x2e8998]
V  [jvm.dll+0x31cc40]
V  [jvm.dll+0x836cdb]
V  [jvm.dll+0x837a14]
V  [jvm.dll+0x837f2c]
V  [jvm.dll+0x838304]
V  [jvm.dll+0x8383d0]
V  [jvm.dll+0x7e0cfa]
V  [jvm.dll+0x674d85]
C  [ucrtbase.dll+0x26c0c]
C  [KERNEL32.DLL+0x154e0]
C  [ntdll.dll+0x485b]

VM_Operation (0x000000d0b3fff770): G1Concurrent, mode: safepoint, requested by thread 0x00000254c09085d0


---------------  P R O C E S S  ---------------

Threads class SMR info:
_java_thread_list=0x00000254cd48ffa0, length=33, elements={
0x00000254cc886030, 0x00000254cc886cb0, 0x00000254cc89ffd0, 0x00000254cc8cb010,
0x00000254cc8cb8d0, 0x00000254cc8cd1a0, 0x00000254cc8cda60, 0x00000254cc8d1530,
0x00000254c097dc90, 0x00000254cd642ce0, 0x00000254ceb92860, 0x00000254cdd23480,
0x00000254cdd23950, 0x00000254cdd23e20, 0x00000254cdd247c0, 0x00000254cdd24c90,
0x00000254cdd25160, 0x00000254cf2d1200, 0x00000254cf2d0390, 0x00000254cf2cb1c0,
0x00000254cf2cf520, 0x00000254cf2cbb60, 0x00000254cf2cd370, 0x00000254cf2cc030,
0x00000254cf2cc500, 0x00000254cf2cf9f0, 0x00000254cf2cc9d0, 0x00000254cf2cd840,
0x00000254cf2cdd10, 0x00000254cf2d0d30, 0x00000254cf2cb690, 0x00000254cf2d0860,
0x00000254cf2ce1e0
}

Java Threads: ( => current thread )
  0x00000254cc886030 JavaThread "Reference Handler" daemon [_thread_blocked, id=23792, stack(0x000000d0b4400000,0x000000d0b4500000)]
  0x00000254cc886cb0 JavaThread "Finalizer" daemon [_thread_blocked, id=22456, stack(0x000000d0b4500000,0x000000d0b4600000)]
  0x00000254cc89ffd0 JavaThread "Signal Dispatcher" daemon [_thread_blocked, id=26364, stack(0x000000d0b4600000,0x000000d0b4700000)]
  0x00000254cc8cb010 JavaThread "Attach Listener" daemon [_thread_blocked, id=15656, stack(0x000000d0b4700000,0x000000d0b4800000)]
  0x00000254cc8cb8d0 JavaThread "Service Thread" daemon [_thread_blocked, id=25196, stack(0x000000d0b4800000,0x000000d0b4900000)]
  0x00000254cc8cd1a0 JavaThread "Monitor Deflation Thread" daemon [_thread_blocked, id=19404, stack(0x000000d0b4900000,0x000000d0b4a00000)]
  0x00000254cc8cda60 JavaThread "C1 CompilerThread0" daemon [_thread_blocked, id=18864, stack(0x000000d0b4a00000,0x000000d0b4b00000)]
  0x00000254cc8d1530 JavaThread "Sweeper thread" daemon [_thread_blocked, id=4080, stack(0x000000d0b4b00000,0x000000d0b4c00000)]
  0x00000254c097dc90 JavaThread "Common-Cleaner" daemon [_thread_blocked, id=24116, stack(0x000000d0b4c00000,0x000000d0b4d00000)]
  0x00000254cd642ce0 JavaThread "Notification Thread" daemon [_thread_blocked, id=11040, stack(0x000000d0b4d00000,0x000000d0b4e00000)]
  0x00000254ceb92860 JavaThread "ForkJoinPool.commonPool-worker-1" daemon [_thread_blocked, id=3268, stack(0x000000d0b5500000,0x000000d0b5600000)]
  0x00000254cdd23480 JavaThread "pool-7-thread-1" [_thread_blocked, id=26148, stack(0x000000d0b6600000,0x000000d0b6700000)]
  0x00000254cdd23950 JavaThread "LanguageServerApp-lifecycle" [_thread_blocked, id=21456, stack(0x000000d0b6700000,0x000000d0b6800000)]
  0x00000254cdd23e20 JavaThread "DestroyJavaVM" [_thread_blocked, id=2232, stack(0x000000d0b3d00000,0x000000d0b3e00000)]
  0x00000254cdd247c0 JavaThread "pool-8-thread-1" [_thread_in_native, id=25056, stack(0x000000d0b6800000,0x000000d0b6900000)]
  0x00000254cdd24c90 JavaThread "Simple-Language-Server main thread" daemon [_thread_blocked, id=24340, stack(0x000000d0b6900000,0x000000d0b6a00000)]
  0x00000254cdd25160 JavaThread "pool-5-thread-1" [_thread_blocked, id=14608, stack(0x000000d0b6a00000,0x000000d0b6b00000)]
  0x00000254cf2d1200 JavaThread "Reconciler-1" [_thread_blocked, id=20760, stack(0x000000d0b6b00000,0x000000d0b6c00000)]
  0x00000254cf2d0390 JavaThread "parallel-1" daemon [_thread_blocked, id=20580, stack(0x000000d0b6c00000,0x000000d0b6d00000)]
  0x00000254cf2cb1c0 JavaThread "ClassGraph-worker-14" daemon [_thread_blocked, id=5816, stack(0x000000d0b3a00000,0x000000d0b3b00000)]
  0x00000254cf2cf520 JavaThread "ClassGraph-worker-15" daemon [_thread_blocked, id=19096, stack(0x000000d0b5800000,0x000000d0b5900000)]
  0x00000254cf2cbb60 JavaThread "ClassGraph-worker-16" daemon [_thread_blocked, id=20332, stack(0x000000d0b5900000,0x000000d0b5a00000)]
  0x00000254cf2cd370 JavaThread "ClassGraph-worker-17" daemon [_thread_blocked, id=16012, stack(0x000000d0b5a00000,0x000000d0b5b00000)]
  0x00000254cf2cc030 JavaThread "ClassGraph-worker-18" daemon [_thread_blocked, id=19244, stack(0x000000d0b5b00000,0x000000d0b5c00000)]
  0x00000254cf2cc500 JavaThread "ClassGraph-worker-19" daemon [_thread_blocked, id=24104, stack(0x000000d0b5c00000,0x000000d0b5d00000)]
  0x00000254cf2cf9f0 JavaThread "ClassGraph-worker-20" daemon [_thread_blocked, id=23544, stack(0x000000d0b5d00000,0x000000d0b5e00000)]
  0x00000254cf2cc9d0 JavaThread "ClassGraph-worker-21" daemon [_thread_blocked, id=19992, stack(0x000000d0b5e00000,0x000000d0b5f00000)]
  0x00000254cf2cd840 JavaThread "ClassGraph-worker-22" daemon [_thread_blocked, id=22548, stack(0x000000d0b5f00000,0x000000d0b6000000)]
  0x00000254cf2cdd10 JavaThread "ClassGraph-worker-23" daemon [_thread_blocked, id=3628, stack(0x000000d0b6000000,0x000000d0b6100000)]
  0x00000254cf2d0d30 JavaThread "ClassGraph-worker-24" daemon [_thread_blocked, id=24056, stack(0x000000d0b6100000,0x000000d0b6200000)]
  0x00000254cf2cb690 JavaThread "ClassGraph-worker-25" daemon [_thread_blocked, id=576, stack(0x000000d0b6200000,0x000000d0b6300000)]
  0x00000254cf2d0860 JavaThread "ClassGraph-worker-26" daemon [_thread_blocked, id=8044, stack(0x000000d0b6300000,0x000000d0b6400000)]
  0x00000254cf2ce1e0 JavaThread "ClassGraph-worker-27" daemon [_thread_blocked, id=24572, stack(0x000000d0b6400000,0x000000d0b6500000)]

Other Threads:
=>0x00000254cc86f130 VMThread "VM Thread" [stack: 0x000000d0b4300000,0x000000d0b4400000] [id=16948]
  0x00000254cd6431b0 WatcherThread [stack: 0x000000d0b4e00000,0x000000d0b4f00000] [id=15624]
  0x00000254c08fbb40 GCTaskThread "GC Thread#0" [stack: 0x000000d0b3e00000,0x000000d0b3f00000] [id=24760]
  0x00000254cdf93410 GCTaskThread "GC Thread#1" [stack: 0x000000d0b4f00000,0x000000d0b5000000] [id=26332]
  0x00000254cdff6320 GCTaskThread "GC Thread#2" [stack: 0x000000d0b5000000,0x000000d0b5100000] [id=24832]
  0x00000254cdff65d0 GCTaskThread "GC Thread#3" [stack: 0x000000d0b5100000,0x000000d0b5200000] [id=13100]
  0x00000254cdff6880 GCTaskThread "GC Thread#4" [stack: 0x000000d0b5200000,0x000000d0b5300000] [id=1320]
  0x00000254cdff6b30 GCTaskThread "GC Thread#5" [stack: 0x000000d0b5300000,0x000000d0b5400000] [id=18116]
  0x00000254cdff6de0 GCTaskThread "GC Thread#6" [stack: 0x000000d0b5400000,0x000000d0b5500000] [id=20704]
  0x00000254cea0dd90 GCTaskThread "GC Thread#7" [stack: 0x000000d0b5600000,0x000000d0b5700000] [id=26168]
  0x00000254c09085d0 ConcurrentGCThread "G1 Main Marker" [stack: 0x000000d0b3f00000,0x000000d0b4000000] [id=10948]
  0x00000254c0909f00 ConcurrentGCThread "G1 Conc#0" [stack: 0x000000d0b4000000,0x000000d0b4100000] [id=26532]
  0x00000254cd450740 ConcurrentGCThread "G1 Conc#1" [stack: 0x000000d0b5700000,0x000000d0b5800000] [id=23892]
  0x00000254cc6f0090 ConcurrentGCThread "G1 Refine#0" [stack: 0x000000d0b4100000,0x000000d0b4200000] [id=3656]
  0x00000254cf146c30 ConcurrentGCThread "G1 Refine#1" [stack: 0x000000d0b6500000,0x000000d0b6600000] [id=14044]
  0x00000254cf146670 ConcurrentGCThread "G1 Refine#2" [stack: 0x000000d0b6d00000,0x000000d0b6e00000] [id=9072]
  0x00000254cc6f09c0 ConcurrentGCThread "G1 Service" [stack: 0x000000d0b4200000,0x000000d0b4300000] [id=25728]

Threads with active compile tasks:

VM state: at safepoint (normal execution)

VM Mutex/Monitor currently owned by a thread:  ([mutex/lock_event])
[0x00000254be700510] Threads_lock - owner thread: 0x00000254cc86f130
[0x00000254c08ad460] Heap_lock - owner thread: 0x00000254c09085d0

Heap address: 0x00000000a1e00000, size: 1506 MB, Compressed Oops mode: 32-bit

CDS archive(s) not mapped
Compressed class space mapped at: 0x0000000100000000-0x0000000140000000, reserved size: 1073741824
Narrow klass base: 0x0000000000000000, Narrow klass shift: 3, Narrow klass range: 0x140000000

GC Precious Log:
 CPUs: 8 total, 8 available
 Memory: 6020M
 Large Page Support: Disabled
 NUMA Support: Disabled
 Compressed Oops: Enabled (32-bit)
 Heap Region Size: 1M
 Heap Min Capacity: 8M
 Heap Initial Capacity: 96M
 Heap Max Capacity: 1506M
 Pre-touch: Disabled
 Parallel Workers: 8
 Concurrent Workers: 2
 Concurrent Refinement Workers: 8
 Periodic GC: Disabled

Heap:
 garbage-first heap   total 239616K, used 169415K [0x00000000a1e00000, 0x0000000100000000)
  region size 1024K, 29 young (29696K), 9 survivors (9216K)
 Metaspace       used 39019K, committed 39424K, reserved 1089536K
  class space    used 5368K, committed 5568K, reserved 1048576K

Heap Regions: E=young(eden), S=young(survivor), O=old, HS=humongous(starts), HC=humongous(continues), CS=collection set, F=free, OA=open archive, CA=closed archive, TAMS=top-at-mark-start (previous, next)
|   0|0x00000000a1e00000, 0x00000000a1f00000, 0x00000000a1f00000|100%| O|  |TAMS 0x00000000a1f00000, 0x00000000a1e00000| Untracked 
|   1|0x00000000a1f00000, 0x00000000a2000000, 0x00000000a2000000|100%| O|  |TAMS 0x00000000a2000000, 0x00000000a1f00000| Untracked 
|   2|0x00000000a2000000, 0x00000000a2100000, 0x00000000a2100000|100%| O|  |TAMS 0x00000000a2100000, 0x00000000a2000000| Untracked 
|   3|0x00000000a2100000, 0x00000000a2200000, 0x00000000a2200000|100%| O|  |TAMS 0x00000000a2200000, 0x00000000a2100000| Untracked 
|   4|0x00000000a2200000, 0x00000000a2300000, 0x00000000a2300000|100%| O|  |TAMS 0x00000000a2300000, 0x00000000a2200000| Untracked 
|   5|0x00000000a2300000, 0x00000000a2400000, 0x00000000a2400000|100%| O|  |TAMS 0x00000000a2400000, 0x00000000a2300000| Untracked 
|   6|0x00000000a2400000, 0x00000000a2500000, 0x00000000a2500000|100%| O|  |TAMS 0x00000000a2500000, 0x00000000a2400000| Untracked 
|   7|0x00000000a2500000, 0x00000000a2600000, 0x00000000a2600000|100%| O|  |TAMS 0x00000000a2600000, 0x00000000a2500000| Updating 
|   8|0x00000000a2600000, 0x00000000a2700000, 0x00000000a2700000|100%| O|  |TAMS 0x00000000a2700000, 0x00000000a2600000| Untracked 
|   9|0x00000000a2700000, 0x00000000a2800000, 0x00000000a2800000|100%| O|  |TAMS 0x00000000a2800000, 0x00000000a2700000| Untracked 
|  10|0x00000000a2800000, 0x00000000a2900000, 0x00000000a2900000|100%| O|  |TAMS 0x00000000a2900000, 0x00000000a2800000| Untracked 
|  11|0x00000000a2900000, 0x00000000a2a00000, 0x00000000a2a00000|100%| O|  |TAMS 0x00000000a2a00000, 0x00000000a2900000| Untracked 
|  12|0x00000000a2a00000, 0x00000000a2b00000, 0x00000000a2b00000|100%| O|  |TAMS 0x00000000a2b00000, 0x00000000a2a00000| Untracked 
|  13|0x00000000a2b00000, 0x00000000a2c00000, 0x00000000a2c00000|100%| O|  |TAMS 0x00000000a2c00000, 0x00000000a2b00000| Updating 
|  14|0x00000000a2c00000, 0x00000000a2d00000, 0x00000000a2d00000|100%| O|  |TAMS 0x00000000a2d00000, 0x00000000a2c00000| Untracked 
|  15|0x00000000a2d00000, 0x00000000a2e00000, 0x00000000a2e00000|100%| O|  |TAMS 0x00000000a2e00000, 0x00000000a2d00000| Updating 
|  16|0x00000000a2e00000, 0x00000000a2f00000, 0x00000000a2f00000|100%| O|  |TAMS 0x00000000a2f00000, 0x00000000a2e00000| Untracked 
|  17|0x00000000a2f00000, 0x00000000a3000000, 0x00000000a3000000|100%| O|  |TAMS 0x00000000a3000000, 0x00000000a2f00000| Untracked 
|  18|0x00000000a3000000, 0x00000000a3100000, 0x00000000a3100000|100%| O|  |TAMS 0x00000000a3100000, 0x00000000a3000000| Updating 
|  19|0x00000000a3100000, 0x00000000a3200000, 0x00000000a3200000|100%| O|  |TAMS 0x00000000a3200000, 0x00000000a3100000| Untracked 
|  20|0x00000000a3200000, 0x00000000a3300000, 0x00000000a3300000|100%| O|  |TAMS 0x00000000a3300000, 0x00000000a3200000| Updating 
|  21|0x00000000a3300000, 0x00000000a3400000, 0x00000000a3400000|100%| O|  |TAMS 0x00000000a3400000, 0x00000000a3300000| Untracked 
|  22|0x00000000a3400000, 0x00000000a3500000, 0x00000000a3500000|100%| O|  |TAMS 0x00000000a3500000, 0x00000000a3400000| Untracked 
|  23|0x00000000a3500000, 0x00000000a3600000, 0x00000000a3600000|100%| O|  |TAMS 0x00000000a3600000, 0x00000000a3500000| Untracked 
|  24|0x00000000a3600000, 0x00000000a3700000, 0x00000000a3700000|100%| O|  |TAMS 0x00000000a3700000, 0x00000000a3600000| Untracked 
|  25|0x00000000a3700000, 0x00000000a3800000, 0x00000000a3800000|100%| O|  |TAMS 0x00000000a3800000, 0x00000000a3700000| Untracked 
|  26|0x00000000a3800000, 0x00000000a3900000, 0x00000000a3900000|100%| O|  |TAMS 0x00000000a3900000, 0x00000000a3800000| Updating 
|  27|0x00000000a3900000, 0x00000000a3a00000, 0x00000000a3a00000|100%| O|  |TAMS 0x00000000a3a00000, 0x00000000a3900000| Untracked 
|  28|0x00000000a3a00000, 0x00000000a3b00000, 0x00000000a3b00000|100%| O|  |TAMS 0x00000000a3b00000, 0x00000000a3a00000| Untracked 
|  29|0x00000000a3b00000, 0x00000000a3c00000, 0x00000000a3c00000|100%| O|  |TAMS 0x00000000a3c00000, 0x00000000a3b00000| Untracked 
|  30|0x00000000a3c00000, 0x00000000a3d00000, 0x00000000a3d00000|100%| O|  |TAMS 0x00000000a3d00000, 0x00000000a3c00000| Updating 
|  31|0x00000000a3d00000, 0x00000000a3e00000, 0x00000000a3e00000|100%| O|  |TAMS 0x00000000a3e00000, 0x00000000a3d00000| Updating 
|  32|0x00000000a3e00000, 0x00000000a3e00000, 0x00000000a3f00000|  0%| F|  |TAMS 0x00000000a3e00000, 0x00000000a3e00000| Untracked 
|  33|0x00000000a3f00000, 0x00000000a3f00000, 0x00000000a4000000|  0%| F|  |TAMS 0x00000000a3f00000, 0x00000000a3f00000| Untracked 
|  34|0x00000000a4000000, 0x00000000a4000000, 0x00000000a4100000|  0%| F|  |TAMS 0x00000000a4000000, 0x00000000a4000000| Untracked 
|  35|0x00000000a4100000, 0x00000000a4100000, 0x00000000a4200000|  0%| F|  |TAMS 0x00000000a4100000, 0x00000000a4100000| Untracked 
|  36|0x00000000a4200000, 0x00000000a4300000, 0x00000000a4300000|100%| O|  |TAMS 0x00000000a4200000, 0x00000000a4200000| Untracked 
|  37|0x00000000a4300000, 0x00000000a4400000, 0x00000000a4400000|100%| O|  |TAMS 0x00000000a4400000, 0x00000000a4300000| Updating 
|  38|0x00000000a4400000, 0x00000000a4400000, 0x00000000a4500000|  0%| F|  |TAMS 0x00000000a4400000, 0x00000000a4400000| Untracked 
|  39|0x00000000a4500000, 0x00000000a4500000, 0x00000000a4600000|  0%| F|  |TAMS 0x00000000a4500000, 0x00000000a4500000| Untracked 
|  40|0x00000000a4600000, 0x00000000a4700000, 0x00000000a4700000|100%| O|  |TAMS 0x00000000a4700000, 0x00000000a4600000| Updating 
|  41|0x00000000a4700000, 0x00000000a4800000, 0x00000000a4800000|100%| O|  |TAMS 0x00000000a4800000, 0x00000000a4700000| Updating 
|  42|0x00000000a4800000, 0x00000000a4900000, 0x00000000a4900000|100%| O|  |TAMS 0x00000000a4900000, 0x00000000a4800000| Updating 
|  43|0x00000000a4900000, 0x00000000a4a00000, 0x00000000a4a00000|100%| O|  |TAMS 0x00000000a4a00000, 0x00000000a4900000| Updating 
|  44|0x00000000a4a00000, 0x00000000a4b00000, 0x00000000a4b00000|100%| O|  |TAMS 0x00000000a4b00000, 0x00000000a4a00000| Updating 
|  45|0x00000000a4b00000, 0x00000000a4c00000, 0x00000000a4c00000|100%| O|  |TAMS 0x00000000a4c00000, 0x00000000a4b00000| Updating 
|  46|0x00000000a4c00000, 0x00000000a4d00000, 0x00000000a4d00000|100%| O|  |TAMS 0x00000000a4d00000, 0x00000000a4c00000| Updating 
|  47|0x00000000a4d00000, 0x00000000a4e00000, 0x00000000a4e00000|100%| O|  |TAMS 0x00000000a4e00000, 0x00000000a4d00000| Updating 
|  48|0x00000000a4e00000, 0x00000000a4f00000, 0x00000000a4f00000|100%| O|  |TAMS 0x00000000a4f00000, 0x00000000a4e00000| Updating 
|  49|0x00000000a4f00000, 0x00000000a5000000, 0x00000000a5000000|100%| O|  |TAMS 0x00000000a5000000, 0x00000000a4f00000| Updating 
|  50|0x00000000a5000000, 0x00000000a5100000, 0x00000000a5100000|100%| O|  |TAMS 0x00000000a5100000, 0x00000000a5000000| Updating 
|  51|0x00000000a5100000, 0x00000000a5200000, 0x00000000a5200000|100%| O|  |TAMS 0x00000000a5200000, 0x00000000a5100000| Updating 
|  52|0x00000000a5200000, 0x00000000a5300000, 0x00000000a5300000|100%| O|  |TAMS 0x00000000a5300000, 0x00000000a5200000| Updating 
|  53|0x00000000a5300000, 0x00000000a5400000, 0x00000000a5400000|100%| O|  |TAMS 0x00000000a5400000, 0x00000000a5300000| Updating 
|  54|0x00000000a5400000, 0x00000000a5500000, 0x00000000a5500000|100%| O|  |TAMS 0x00000000a5500000, 0x00000000a5400000| Updating 
|  55|0x00000000a5500000, 0x00000000a5600000, 0x00000000a5600000|100%| O|  |TAMS 0x00000000a5600000, 0x00000000a5500000| Updating 
|  56|0x00000000a5600000, 0x00000000a5700000, 0x00000000a5700000|100%| O|  |TAMS 0x00000000a5700000, 0x00000000a5600000| Updating 
|  57|0x00000000a5700000, 0x00000000a5800000, 0x00000000a5800000|100%| O|  |TAMS 0x00000000a5800000, 0x00000000a5700000| Updating 
|  58|0x00000000a5800000, 0x00000000a5900000, 0x00000000a5900000|100%| O|  |TAMS 0x00000000a5900000, 0x00000000a5800000| Updating 
|  59|0x00000000a5900000, 0x00000000a5a00000, 0x00000000a5a00000|100%| O|  |TAMS 0x00000000a5a00000, 0x00000000a5900000| Updating 
|  60|0x00000000a5a00000, 0x00000000a5b00000, 0x00000000a5b00000|100%| O|  |TAMS 0x00000000a5b00000, 0x00000000a5a00000| Updating 
|  61|0x00000000a5b00000, 0x00000000a5c00000, 0x00000000a5c00000|100%| O|  |TAMS 0x00000000a5c00000, 0x00000000a5b00000| Updating 
|  62|0x00000000a5c00000, 0x00000000a5d00000, 0x00000000a5d00000|100%| O|  |TAMS 0x00000000a5d00000, 0x00000000a5c00000| Updating 
|  63|0x00000000a5d00000, 0x00000000a5e00000, 0x00000000a5e00000|100%| O|  |TAMS 0x00000000a5e00000, 0x00000000a5d00000| Updating 
|  64|0x00000000a5e00000, 0x00000000a5f00000, 0x00000000a5f00000|100%| O|  |TAMS 0x00000000a5f00000, 0x00000000a5e00000| Updating 
|  65|0x00000000a5f00000, 0x00000000a6000000, 0x00000000a6000000|100%| O|  |TAMS 0x00000000a6000000, 0x00000000a5f00000| Updating 
|  66|0x00000000a6000000, 0x00000000a6100000, 0x00000000a6100000|100%| O|  |TAMS 0x00000000a6100000, 0x00000000a6000000| Updating 
|  67|0x00000000a6100000, 0x00000000a6200000, 0x00000000a6200000|100%| O|  |TAMS 0x00000000a6100000, 0x00000000a6100000| Untracked 
|  68|0x00000000a6200000, 0x00000000a6300000, 0x00000000a6300000|100%| O|  |TAMS 0x00000000a6300000, 0x00000000a6200000| Updating 
|  69|0x00000000a6300000, 0x00000000a6400000, 0x00000000a6400000|100%| O|  |TAMS 0x00000000a6400000, 0x00000000a6300000| Updating 
|  70|0x00000000a6400000, 0x00000000a6500000, 0x00000000a6500000|100%| O|  |TAMS 0x00000000a6500000, 0x00000000a6400000| Updating 
|  71|0x00000000a6500000, 0x00000000a6600000, 0x00000000a6600000|100%| O|  |TAMS 0x00000000a6600000, 0x00000000a6500000| Updating 
|  72|0x00000000a6600000, 0x00000000a6700000, 0x00000000a6700000|100%| O|  |TAMS 0x00000000a6700000, 0x00000000a6600000| Updating 
|  73|0x00000000a6700000, 0x00000000a6800000, 0x00000000a6800000|100%| O|  |TAMS 0x00000000a6800000, 0x00000000a6700000| Updating 
|  74|0x00000000a6800000, 0x00000000a6900000, 0x00000000a6900000|100%| O|  |TAMS 0x00000000a6900000, 0x00000000a6800000| Updating 
|  75|0x00000000a6900000, 0x00000000a6a00000, 0x00000000a6a00000|100%| O|  |TAMS 0x00000000a6a00000, 0x00000000a6900000| Updating 
|  76|0x00000000a6a00000, 0x00000000a6b00000, 0x00000000a6b00000|100%| O|  |TAMS 0x00000000a6b00000, 0x00000000a6a00000| Updating 
|  77|0x00000000a6b00000, 0x00000000a6c00000, 0x00000000a6c00000|100%| O|  |TAMS 0x00000000a6c00000, 0x00000000a6b00000| Updating 
|  78|0x00000000a6c00000, 0x00000000a6d00000, 0x00000000a6d00000|100%| O|  |TAMS 0x00000000a6d00000, 0x00000000a6c00000| Updating 
|  79|0x00000000a6d00000, 0x00000000a6e00000, 0x00000000a6e00000|100%| O|  |TAMS 0x00000000a6e00000, 0x00000000a6d00000| Updating 
|  80|0x00000000a6e00000, 0x00000000a6f00000, 0x00000000a6f00000|100%| O|  |TAMS 0x00000000a6f00000, 0x00000000a6e00000| Updating 
|  81|0x00000000a6f00000, 0x00000000a7000000, 0x00000000a7000000|100%| O|  |TAMS 0x00000000a7000000, 0x00000000a6f00000| Updating 
|  82|0x00000000a7000000, 0x00000000a7100000, 0x00000000a7100000|100%| O|  |TAMS 0x00000000a7100000, 0x00000000a7000000| Updating 
|  83|0x00000000a7100000, 0x00000000a7200000, 0x00000000a7200000|100%| O|  |TAMS 0x00000000a7200000, 0x00000000a7100000| Updating 
|  84|0x00000000a7200000, 0x00000000a7300000, 0x00000000a7300000|100%| O|  |TAMS 0x00000000a7300000, 0x00000000a7200000| Updating 
|  85|0x00000000a7300000, 0x00000000a7400000, 0x00000000a7400000|100%| O|  |TAMS 0x00000000a7400000, 0x00000000a7300000| Updating 
|  86|0x00000000a7400000, 0x00000000a7500000, 0x00000000a7500000|100%| O|  |TAMS 0x00000000a7500000, 0x00000000a7400000| Updating 
|  87|0x00000000a7500000, 0x00000000a7600000, 0x00000000a7600000|100%| O|  |TAMS 0x00000000a7600000, 0x00000000a7500000| Updating 
|  88|0x00000000a7600000, 0x00000000a7700000, 0x00000000a7700000|100%| O|  |TAMS 0x00000000a7700000, 0x00000000a7600000| Updating 
|  89|0x00000000a7700000, 0x00000000a7800000, 0x00000000a7800000|100%| O|  |TAMS 0x00000000a7800000, 0x00000000a7700000| Updating 
|  90|0x00000000a7800000, 0x00000000a7900000, 0x00000000a7900000|100%| O|  |TAMS 0x00000000a7900000, 0x00000000a7800000| Updating 
|  91|0x00000000a7900000, 0x00000000a7a00000, 0x00000000a7a00000|100%| O|  |TAMS 0x00000000a7a00000, 0x00000000a7900000| Updating 
|  92|0x00000000a7a00000, 0x00000000a7b00000, 0x00000000a7b00000|100%| O|  |TAMS 0x00000000a7b00000, 0x00000000a7a00000| Updating 
|  93|0x00000000a7b00000, 0x00000000a7c00000, 0x00000000a7c00000|100%| O|  |TAMS 0x00000000a7c00000, 0x00000000a7b00000| Updating 
|  94|0x00000000a7c00000, 0x00000000a7d00000, 0x00000000a7d00000|100%| O|  |TAMS 0x00000000a7d00000, 0x00000000a7c00000| Updating 
|  95|0x00000000a7d00000, 0x00000000a7e00000, 0x00000000a7e00000|100%| O|  |TAMS 0x00000000a7e00000, 0x00000000a7d00000| Updating 
|  96|0x00000000a7e00000, 0x00000000a7f00000, 0x00000000a7f00000|100%| O|  |TAMS 0x00000000a7f00000, 0x00000000a7e00000| Updating 
|  97|0x00000000a7f00000, 0x00000000a8000000, 0x00000000a8000000|100%| O|  |TAMS 0x00000000a8000000, 0x00000000a7f00000| Updating 
|  98|0x00000000a8000000, 0x00000000a8100000, 0x00000000a8100000|100%| O|  |TAMS 0x00000000a8100000, 0x00000000a8000000| Updating 
|  99|0x00000000a8100000, 0x00000000a8200000, 0x00000000a8200000|100%| O|  |TAMS 0x00000000a8200000, 0x00000000a8100000| Updating 
| 100|0x00000000a8200000, 0x00000000a8300000, 0x00000000a8300000|100%| O|  |TAMS 0x00000000a8300000, 0x00000000a8200000| Updating 
| 101|0x00000000a8300000, 0x00000000a8400000, 0x00000000a8400000|100%| O|  |TAMS 0x00000000a8400000, 0x00000000a8300000| Updating 
| 102|0x00000000a8400000, 0x00000000a8500000, 0x00000000a8500000|100%| O|  |TAMS 0x00000000a8500000, 0x00000000a8400000| Updating 
| 103|0x00000000a8500000, 0x00000000a8600000, 0x00000000a8600000|100%| O|  |TAMS 0x00000000a8600000, 0x00000000a8500000| Updating 
| 104|0x00000000a8600000, 0x00000000a8700000, 0x00000000a8700000|100%| O|  |TAMS 0x00000000a8700000, 0x00000000a8600000| Updating 
| 105|0x00000000a8700000, 0x00000000a8800000, 0x00000000a8800000|100%| O|  |TAMS 0x00000000a8800000, 0x00000000a8700000| Updating 
| 106|0x00000000a8800000, 0x00000000a8900000, 0x00000000a8900000|100%| O|  |TAMS 0x00000000a8900000, 0x00000000a8800000| Updating 
| 107|0x00000000a8900000, 0x00000000a8a00000, 0x00000000a8a00000|100%| O|  |TAMS 0x00000000a8a00000, 0x00000000a8900000| Updating 
| 108|0x00000000a8a00000, 0x00000000a8b00000, 0x00000000a8b00000|100%| O|  |TAMS 0x00000000a8b00000, 0x00000000a8a00000| Updating 
| 109|0x00000000a8b00000, 0x00000000a8c00000, 0x00000000a8c00000|100%| O|  |TAMS 0x00000000a8c00000, 0x00000000a8b00000| Updating 
| 110|0x00000000a8c00000, 0x00000000a8d00000, 0x00000000a8d00000|100%| O|  |TAMS 0x00000000a8d00000, 0x00000000a8c00000| Updating 
| 111|0x00000000a8d00000, 0x00000000a8e00000, 0x00000000a8e00000|100%| O|  |TAMS 0x00000000a8e00000, 0x00000000a8d00000| Updating 
| 112|0x00000000a8e00000, 0x00000000a8f00000, 0x00000000a8f00000|100%| O|  |TAMS 0x00000000a8f00000, 0x00000000a8e00000| Updating 
| 113|0x00000000a8f00000, 0x00000000a9000000, 0x00000000a9000000|100%| O|  |TAMS 0x00000000a9000000, 0x00000000a8f00000| Updating 
| 114|0x00000000a9000000, 0x00000000a9100000, 0x00000000a9100000|100%| O|  |TAMS 0x00000000a9100000, 0x00000000a9000000| Updating 
| 115|0x00000000a9100000, 0x00000000a9200000, 0x00000000a9200000|100%| O|  |TAMS 0x00000000a9200000, 0x00000000a9100000| Updating 
| 116|0x00000000a9200000, 0x00000000a9300000, 0x00000000a9300000|100%| O|  |TAMS 0x00000000a9300000, 0x00000000a9200000| Updating 
| 117|0x00000000a9300000, 0x00000000a9400000, 0x00000000a9400000|100%| O|  |TAMS 0x00000000a9400000, 0x00000000a9300000| Updating 
| 118|0x00000000a9400000, 0x00000000a9500000, 0x00000000a9500000|100%| O|  |TAMS 0x00000000a9500000, 0x00000000a9400000| Updating 
| 119|0x00000000a9500000, 0x00000000a9600000, 0x00000000a9600000|100%| O|  |TAMS 0x00000000a9600000, 0x00000000a9500000| Updating 
| 120|0x00000000a9600000, 0x00000000a9700000, 0x00000000a9700000|100%| O|  |TAMS 0x00000000a9700000, 0x00000000a9600000| Updating 
| 121|0x00000000a9700000, 0x00000000a9800000, 0x00000000a9800000|100%| O|  |TAMS 0x00000000a9800000, 0x00000000a9700000| Updating 
| 122|0x00000000a9800000, 0x00000000a9900000, 0x00000000a9900000|100%| O|  |TAMS 0x00000000a9900000, 0x00000000a9800000| Updating 
| 123|0x00000000a9900000, 0x00000000a9a00000, 0x00000000a9a00000|100%| O|  |TAMS 0x00000000a9a00000, 0x00000000a9900000| Updating 
| 124|0x00000000a9a00000, 0x00000000a9b00000, 0x00000000a9b00000|100%| O|  |TAMS 0x00000000a9b00000, 0x00000000a9a00000| Updating 
| 125|0x00000000a9b00000, 0x00000000a9c00000, 0x00000000a9c00000|100%| O|  |TAMS 0x00000000a9c00000, 0x00000000a9b00000| Updating 
| 126|0x00000000a9c00000, 0x00000000a9d00000, 0x00000000a9d00000|100%| O|  |TAMS 0x00000000a9d00000, 0x00000000a9c00000| Updating 
| 127|0x00000000a9d00000, 0x00000000a9e00000, 0x00000000a9e00000|100%| O|  |TAMS 0x00000000a9e00000, 0x00000000a9d00000| Updating 
| 128|0x00000000a9e00000, 0x00000000a9f00000, 0x00000000a9f00000|100%| O|  |TAMS 0x00000000a9ee0800, 0x00000000a9e00000| Updating 
| 129|0x00000000a9f00000, 0x00000000aa000000, 0x00000000aa000000|100%| O|  |TAMS 0x00000000a9f00000, 0x00000000a9f00000| Untracked 
| 130|0x00000000aa000000, 0x00000000aa100000, 0x00000000aa100000|100%| O|  |TAMS 0x00000000aa000000, 0x00000000aa000000| Untracked 
| 131|0x00000000aa100000, 0x00000000aa200000, 0x00000000aa200000|100%| O|  |TAMS 0x00000000aa100000, 0x00000000aa100000| Untracked 
| 132|0x00000000aa200000, 0x00000000aa300000, 0x00000000aa300000|100%| O|  |TAMS 0x00000000aa200000, 0x00000000aa200000| Untracked 
| 133|0x00000000aa300000, 0x00000000aa400000, 0x00000000aa400000|100%| O|  |TAMS 0x00000000aa300000, 0x00000000aa300000| Untracked 
| 134|0x00000000aa400000, 0x00000000aa500000, 0x00000000aa500000|100%| O|  |TAMS 0x00000000aa400000, 0x00000000aa400000| Untracked 
| 135|0x00000000aa500000, 0x00000000aa600000, 0x00000000aa600000|100%| O|  |TAMS 0x00000000aa500000, 0x00000000aa500000| Untracked 
| 136|0x00000000aa600000, 0x00000000aa700000, 0x00000000aa700000|100%| O|  |TAMS 0x00000000aa600000, 0x00000000aa600000| Untracked 
| 137|0x00000000aa700000, 0x00000000aa800000, 0x00000000aa800000|100%| O|  |TAMS 0x00000000aa700000, 0x00000000aa700000| Untracked 
| 138|0x00000000aa800000, 0x00000000aa900000, 0x00000000aa900000|100%| O|  |TAMS 0x00000000aa800000, 0x00000000aa800000| Untracked 
| 139|0x00000000aa900000, 0x00000000aaa00000, 0x00000000aaa00000|100%| O|  |TAMS 0x00000000aa900000, 0x00000000aa900000| Untracked 
| 140|0x00000000aaa00000, 0x00000000aab00000, 0x00000000aab00000|100%| O|  |TAMS 0x00000000aaa00000, 0x00000000aaa00000| Untracked 
| 141|0x00000000aab00000, 0x00000000aac00000, 0x00000000aac00000|100%| O|  |TAMS 0x00000000aab00000, 0x00000000aab00000| Untracked 
| 142|0x00000000aac00000, 0x00000000aad00000, 0x00000000aad00000|100%| O|  |TAMS 0x00000000aac00000, 0x00000000aac00000| Untracked 
| 143|0x00000000aad00000, 0x00000000aae00000, 0x00000000aae00000|100%| O|  |TAMS 0x00000000aad00000, 0x00000000aad00000| Untracked 
| 144|0x00000000aae00000, 0x00000000aae71e00, 0x00000000aaf00000| 44%| O|  |TAMS 0x00000000aae00000, 0x00000000aae00000| Updating 
| 145|0x00000000aaf00000, 0x00000000aaf00000, 0x00000000ab000000|  0%| F|  |TAMS 0x00000000aaf00000, 0x00000000aaf00000| Untracked 
| 146|0x00000000ab000000, 0x00000000ab000000, 0x00000000ab100000|  0%| F|  |TAMS 0x00000000ab000000, 0x00000000ab000000| Untracked 
| 147|0x00000000ab100000, 0x00000000ab100000, 0x00000000ab200000|  0%| F|  |TAMS 0x00000000ab100000, 0x00000000ab100000| Untracked 
| 148|0x00000000ab200000, 0x00000000ab200000, 0x00000000ab300000|  0%| F|  |TAMS 0x00000000ab200000, 0x00000000ab200000| Untracked 
| 149|0x00000000ab300000, 0x00000000ab300000, 0x00000000ab400000|  0%| F|  |TAMS 0x00000000ab300000, 0x00000000ab300000| Untracked 
| 150|0x00000000ab400000, 0x00000000ab400000, 0x00000000ab500000|  0%| F|  |TAMS 0x00000000ab400000, 0x00000000ab400000| Untracked 
| 151|0x00000000ab500000, 0x00000000ab500000, 0x00000000ab600000|  0%| F|  |TAMS 0x00000000ab500000, 0x00000000ab500000| Untracked 
| 152|0x00000000ab600000, 0x00000000ab600000, 0x00000000ab700000|  0%| F|  |TAMS 0x00000000ab600000, 0x00000000ab600000| Untracked 
| 153|0x00000000ab700000, 0x00000000ab700000, 0x00000000ab800000|  0%| F|  |TAMS 0x00000000ab700000, 0x00000000ab700000| Untracked 
| 154|0x00000000ab800000, 0x00000000ab900000, 0x00000000ab900000|100%| S|CS|TAMS 0x00000000ab800000, 0x00000000ab800000| Complete 
| 155|0x00000000ab900000, 0x00000000aba00000, 0x00000000aba00000|100%| S|CS|TAMS 0x00000000ab900000, 0x00000000ab900000| Complete 
| 156|0x00000000aba00000, 0x00000000abb00000, 0x00000000abb00000|100%| S|CS|TAMS 0x00000000aba00000, 0x00000000aba00000| Complete 
| 157|0x00000000abb00000, 0x00000000abc00000, 0x00000000abc00000|100%| S|CS|TAMS 0x00000000abb00000, 0x00000000abb00000| Complete 
| 158|0x00000000abc00000, 0x00000000abd00000, 0x00000000abd00000|100%| S|CS|TAMS 0x00000000abc00000, 0x00000000abc00000| Complete 
| 159|0x00000000abd00000, 0x00000000abe00000, 0x00000000abe00000|100%| S|CS|TAMS 0x00000000abd00000, 0x00000000abd00000| Complete 
| 160|0x00000000abe00000, 0x00000000abf00000, 0x00000000abf00000|100%| S|CS|TAMS 0x00000000abe00000, 0x00000000abe00000| Complete 
| 161|0x00000000abf00000, 0x00000000ac000000, 0x00000000ac000000|100%| S|CS|TAMS 0x00000000abf00000, 0x00000000abf00000| Complete 
| 162|0x00000000ac000000, 0x00000000ac100000, 0x00000000ac100000|100%| S|CS|TAMS 0x00000000ac000000, 0x00000000ac000000| Complete 
| 163|0x00000000ac100000, 0x00000000ac100000, 0x00000000ac200000|  0%| F|  |TAMS 0x00000000ac100000, 0x00000000ac100000| Untracked 
| 164|0x00000000ac200000, 0x00000000ac200000, 0x00000000ac300000|  0%| F|  |TAMS 0x00000000ac200000, 0x00000000ac200000| Untracked 
| 165|0x00000000ac300000, 0x00000000ac300000, 0x00000000ac400000|  0%| F|  |TAMS 0x00000000ac300000, 0x00000000ac300000| Untracked 
| 166|0x00000000ac400000, 0x00000000ac400000, 0x00000000ac500000|  0%| F|  |TAMS 0x00000000ac400000, 0x00000000ac400000| Untracked 
| 167|0x00000000ac500000, 0x00000000ac500000, 0x00000000ac600000|  0%| F|  |TAMS 0x00000000ac500000, 0x00000000ac500000| Untracked 
| 168|0x00000000ac600000, 0x00000000ac600000, 0x00000000ac700000|  0%| F|  |TAMS 0x00000000ac600000, 0x00000000ac600000| Untracked 
| 169|0x00000000ac700000, 0x00000000ac700000, 0x00000000ac800000|  0%| F|  |TAMS 0x00000000ac700000, 0x00000000ac700000| Untracked 
| 170|0x00000000ac800000, 0x00000000ac800000, 0x00000000ac900000|  0%| F|  |TAMS 0x00000000ac800000, 0x00000000ac800000| Untracked 
| 171|0x00000000ac900000, 0x00000000ac900000, 0x00000000aca00000|  0%| F|  |TAMS 0x00000000ac900000, 0x00000000ac900000| Untracked 
| 172|0x00000000aca00000, 0x00000000aca00000, 0x00000000acb00000|  0%| F|  |TAMS 0x00000000aca00000, 0x00000000aca00000| Untracked 
| 173|0x00000000acb00000, 0x00000000acb00000, 0x00000000acc00000|  0%| F|  |TAMS 0x00000000acb00000, 0x00000000acb00000| Untracked 
| 174|0x00000000acc00000, 0x00000000acc00000, 0x00000000acd00000|  0%| F|  |TAMS 0x00000000acc00000, 0x00000000acc00000| Untracked 
| 175|0x00000000acd00000, 0x00000000acd00000, 0x00000000ace00000|  0%| F|  |TAMS 0x00000000acd00000, 0x00000000acd00000| Untracked 
| 176|0x00000000ace00000, 0x00000000ace00000, 0x00000000acf00000|  0%| F|  |TAMS 0x00000000ace00000, 0x00000000ace00000| Untracked 
| 177|0x00000000acf00000, 0x00000000acf00000, 0x00000000ad000000|  0%| F|  |TAMS 0x00000000acf00000, 0x00000000acf00000| Untracked 
| 178|0x00000000ad000000, 0x00000000ad000000, 0x00000000ad100000|  0%| F|  |TAMS 0x00000000ad000000, 0x00000000ad000000| Untracked 
| 179|0x00000000ad100000, 0x00000000ad100000, 0x00000000ad200000|  0%| F|  |TAMS 0x00000000ad100000, 0x00000000ad100000| Untracked 
| 180|0x00000000ad200000, 0x00000000ad200000, 0x00000000ad300000|  0%| F|  |TAMS 0x00000000ad200000, 0x00000000ad200000| Untracked 
| 181|0x00000000ad300000, 0x00000000ad300000, 0x00000000ad400000|  0%| F|  |TAMS 0x00000000ad300000, 0x00000000ad300000| Untracked 
| 182|0x00000000ad400000, 0x00000000ad400000, 0x00000000ad500000|  0%| F|  |TAMS 0x00000000ad400000, 0x00000000ad400000| Untracked 
| 183|0x00000000ad500000, 0x00000000ad500000, 0x00000000ad600000|  0%| F|  |TAMS 0x00000000ad500000, 0x00000000ad500000| Untracked 
| 184|0x00000000ad600000, 0x00000000ad600000, 0x00000000ad700000|  0%| F|  |TAMS 0x00000000ad600000, 0x00000000ad600000| Untracked 
| 185|0x00000000ad700000, 0x00000000ad700000, 0x00000000ad800000|  0%| F|  |TAMS 0x00000000ad700000, 0x00000000ad700000| Untracked 
| 186|0x00000000ad800000, 0x00000000ad800000, 0x00000000ad900000|  0%| F|  |TAMS 0x00000000ad800000, 0x00000000ad800000| Untracked 
| 187|0x00000000ad900000, 0x00000000ad900000, 0x00000000ada00000|  0%| F|  |TAMS 0x00000000ad900000, 0x00000000ad900000| Untracked 
| 188|0x00000000ada00000, 0x00000000ada00000, 0x00000000adb00000|  0%| F|  |TAMS 0x00000000ada00000, 0x00000000ada00000| Untracked 
| 189|0x00000000adb00000, 0x00000000adb00000, 0x00000000adc00000|  0%| F|  |TAMS 0x00000000adb00000, 0x00000000adb00000| Untracked 
| 190|0x00000000adc00000, 0x00000000adc00000, 0x00000000add00000|  0%| F|  |TAMS 0x00000000adc00000, 0x00000000adc00000| Untracked 
| 191|0x00000000add00000, 0x00000000add00000, 0x00000000ade00000|  0%| F|  |TAMS 0x00000000add00000, 0x00000000add00000| Untracked 
| 192|0x00000000ade00000, 0x00000000ade00000, 0x00000000adf00000|  0%| F|  |TAMS 0x00000000ade00000, 0x00000000ade00000| Untracked 
| 193|0x00000000adf00000, 0x00000000adf00000, 0x00000000ae000000|  0%| F|  |TAMS 0x00000000adf00000, 0x00000000adf00000| Untracked 
| 194|0x00000000ae000000, 0x00000000ae000000, 0x00000000ae100000|  0%| F|  |TAMS 0x00000000ae000000, 0x00000000ae000000| Untracked 
| 195|0x00000000ae100000, 0x00000000ae100000, 0x00000000ae200000|  0%| F|  |TAMS 0x00000000ae100000, 0x00000000ae100000| Untracked 
| 196|0x00000000ae200000, 0x00000000ae200000, 0x00000000ae300000|  0%| F|  |TAMS 0x00000000ae200000, 0x00000000ae200000| Untracked 
| 197|0x00000000ae300000, 0x00000000ae300000, 0x00000000ae400000|  0%| F|  |TAMS 0x00000000ae300000, 0x00000000ae300000| Untracked 
| 198|0x00000000ae400000, 0x00000000ae400000, 0x00000000ae500000|  0%| F|  |TAMS 0x00000000ae400000, 0x00000000ae400000| Untracked 
| 199|0x00000000ae500000, 0x00000000ae500000, 0x00000000ae600000|  0%| F|  |TAMS 0x00000000ae500000, 0x00000000ae500000| Untracked 
| 200|0x00000000ae600000, 0x00000000ae600000, 0x00000000ae700000|  0%| F|  |TAMS 0x00000000ae600000, 0x00000000ae600000| Untracked 
| 201|0x00000000ae700000, 0x00000000ae700000, 0x00000000ae800000|  0%| F|  |TAMS 0x00000000ae700000, 0x00000000ae700000| Untracked 
| 202|0x00000000ae800000, 0x00000000ae800000, 0x00000000ae900000|  0%| F|  |TAMS 0x00000000ae800000, 0x00000000ae800000| Untracked 
| 203|0x00000000ae900000, 0x00000000ae900000, 0x00000000aea00000|  0%| F|  |TAMS 0x00000000ae900000, 0x00000000ae900000| Untracked 
| 204|0x00000000aea00000, 0x00000000aea00000, 0x00000000aeb00000|  0%| F|  |TAMS 0x00000000aea00000, 0x00000000aea00000| Untracked 
| 205|0x00000000aeb00000, 0x00000000aeb00000, 0x00000000aec00000|  0%| F|  |TAMS 0x00000000aeb00000, 0x00000000aeb00000| Untracked 
| 206|0x00000000aec00000, 0x00000000aec00000, 0x00000000aed00000|  0%| F|  |TAMS 0x00000000aec00000, 0x00000000aec00000| Untracked 
| 207|0x00000000aed00000, 0x00000000aed00000, 0x00000000aee00000|  0%| F|  |TAMS 0x00000000aed00000, 0x00000000aed00000| Untracked 
| 208|0x00000000aee00000, 0x00000000aee00000, 0x00000000aef00000|  0%| F|  |TAMS 0x00000000aee00000, 0x00000000aee00000| Untracked 
| 209|0x00000000aef00000, 0x00000000aef00000, 0x00000000af000000|  0%| F|  |TAMS 0x00000000aef00000, 0x00000000aef00000| Untracked 
| 210|0x00000000af000000, 0x00000000af000000, 0x00000000af100000|  0%| F|  |TAMS 0x00000000af000000, 0x00000000af000000| Untracked 
| 211|0x00000000af100000, 0x00000000af100000, 0x00000000af200000|  0%| F|  |TAMS 0x00000000af100000, 0x00000000af100000| Untracked 
| 212|0x00000000af200000, 0x00000000af200000, 0x00000000af300000|  0%| F|  |TAMS 0x00000000af200000, 0x00000000af200000| Untracked 
| 213|0x00000000af300000, 0x00000000af300000, 0x00000000af400000|  0%| F|  |TAMS 0x00000000af300000, 0x00000000af300000| Untracked 
| 214|0x00000000af400000, 0x00000000af430760, 0x00000000af500000| 18%| E|  |TAMS 0x00000000af400000, 0x00000000af400000| Complete 
| 215|0x00000000af500000, 0x00000000af600000, 0x00000000af600000|100%| E|CS|TAMS 0x00000000af500000, 0x00000000af500000| Complete 
| 216|0x00000000af600000, 0x00000000af700000, 0x00000000af700000|100%| E|CS|TAMS 0x00000000af600000, 0x00000000af600000| Complete 
| 217|0x00000000af700000, 0x00000000af800000, 0x00000000af800000|100%| E|CS|TAMS 0x00000000af700000, 0x00000000af700000| Complete 
| 218|0x00000000af800000, 0x00000000af900000, 0x00000000af900000|100%| E|CS|TAMS 0x00000000af800000, 0x00000000af800000| Complete 
| 219|0x00000000af900000, 0x00000000afa00000, 0x00000000afa00000|100%| E|CS|TAMS 0x00000000af900000, 0x00000000af900000| Complete 
| 220|0x00000000afa00000, 0x00000000afb00000, 0x00000000afb00000|100%| E|CS|TAMS 0x00000000afa00000, 0x00000000afa00000| Complete 
| 221|0x00000000afb00000, 0x00000000afc00000, 0x00000000afc00000|100%| E|CS|TAMS 0x00000000afb00000, 0x00000000afb00000| Complete 
| 222|0x00000000afc00000, 0x00000000afd00000, 0x00000000afd00000|100%| E|CS|TAMS 0x00000000afc00000, 0x00000000afc00000| Complete 
| 223|0x00000000afd00000, 0x00000000afe00000, 0x00000000afe00000|100%| E|CS|TAMS 0x00000000afd00000, 0x00000000afd00000| Complete 
| 224|0x00000000afe00000, 0x00000000aff00000, 0x00000000aff00000|100%| E|CS|TAMS 0x00000000afe00000, 0x00000000afe00000| Complete 
| 225|0x00000000aff00000, 0x00000000b0000000, 0x00000000b0000000|100%| E|CS|TAMS 0x00000000aff00000, 0x00000000aff00000| Complete 
| 226|0x00000000b0000000, 0x00000000b0100000, 0x00000000b0100000|100%| E|CS|TAMS 0x00000000b0000000, 0x00000000b0000000| Complete 
| 227|0x00000000b0100000, 0x00000000b0200000, 0x00000000b0200000|100%| E|  |TAMS 0x00000000b0100000, 0x00000000b0100000| Complete 
| 228|0x00000000b0200000, 0x00000000b0300000, 0x00000000b0300000|100%| E|CS|TAMS 0x00000000b0200000, 0x00000000b0200000| Complete 
| 229|0x00000000b0300000, 0x00000000b0400000, 0x00000000b0400000|100%| E|CS|TAMS 0x00000000b0300000, 0x00000000b0300000| Complete 
| 230|0x00000000b0400000, 0x00000000b0500000, 0x00000000b0500000|100%| E|CS|TAMS 0x00000000b0400000, 0x00000000b0400000| Complete 
| 231|0x00000000b0500000, 0x00000000b0600000, 0x00000000b0600000|100%| E|CS|TAMS 0x00000000b0500000, 0x00000000b0500000| Complete 
| 232|0x00000000b0600000, 0x00000000b0700000, 0x00000000b0700000|100%| E|CS|TAMS 0x00000000b0600000, 0x00000000b0600000| Complete 
| 233|0x00000000b0700000, 0x00000000b0800000, 0x00000000b0800000|100%| E|CS|TAMS 0x00000000b0700000, 0x00000000b0700000| Complete 

Card table byte_map: [0x00000254c6940000,0x00000254c6c40000] _byte_map_base: 0x00000254c6431000

Marking Bits (Prev, Next): (CMBitMap*) 0x00000254c08fc060, (CMBitMap*) 0x00000254c08fc0a0
 Prev Bits: [0x00000254c6f40000, 0x00000254c86c8000)
 Next Bits: [0x00000254c86d0000, 0x00000254c9e58000)

Polling page: 0x00000254be850000

Metaspace:

Usage:
  Non-class:     32.86 MB used.
      Class:      5.24 MB used.
       Both:     38.10 MB used.

Virtual space:
  Non-class space:       40.00 MB reserved,      33.06 MB ( 83%) committed,  5 nodes.
      Class space:        1.00 GB reserved,       5.44 MB ( <1%) committed,  1 nodes.
             Both:        1.04 GB reserved,      38.50 MB (  4%) committed. 

Chunk freelists:
   Non-Class:  2.10 MB
       Class:  2.62 MB
        Both:  4.72 MB

MaxMetaspaceSize: unlimited
CompressedClassSpaceSize: 1.00 GB
Initial GC threshold: 21.00 MB
Current GC threshold: 56.38 MB
CDS: off
MetaspaceReclaimPolicy: balanced
 - commit_granule_bytes: 65536.
 - commit_granule_words: 8192.
 - virtual_space_node_default_size: 1048576.
 - enlarge_chunks_in_place: 1.
 - new_chunks_are_fully_committed: 0.
 - uncommit_free_chunks: 1.
 - use_allocation_guard: 0.
 - handle_deallocations: 1.


Internal statistics:

num_allocs_failed_limit: 5.
num_arena_births: 336.
num_arena_deaths: 0.
num_vsnodes_births: 6.
num_vsnodes_deaths: 0.
num_space_committed: 616.
num_space_uncommitted: 0.
num_chunks_returned_to_freelist: 5.
num_chunks_taken_from_freelist: 1454.
num_chunk_merges: 5.
num_chunk_splits: 1034.
num_chunks_enlarged: 834.
num_purges: 0.
num_inconsistent_stats: 0.

CodeCache: size=49152Kb used=8139Kb max_used=8139Kb free=41012Kb
 bounds [0x00000254c3530000, 0x00000254c3d30000, 0x00000254c6530000]
 total_blobs=4603 nmethods=4070 adapters=459
 compilation: enabled
              stopped_count=0, restarted_count=0
 full_count=0

Compilation events (20 events):
Event: 33.202 Thread 0x00000254cc8cda60 4059   !   1       java.io.RandomAccessFile::getChannel (84 bytes)
Event: 33.203 Thread 0x00000254cc8cda60 nmethod 4059 0x00000254c3d1e310 code [0x00000254c3d1e4e0, 0x00000254c3d1e8c8]
Event: 33.203 Thread 0x00000254cc8cda60 4060       1       nonapi.io.github.classgraph.fastzipfilereader.ZipFileSlice::<init> (31 bytes)
Event: 33.203 Thread 0x00000254cc8cda60 nmethod 4060 0x00000254c3d1eb10 code [0x00000254c3d1eca0, 0x00000254c3d1eeb8]
Event: 33.203 Thread 0x00000254cc8cda60 4061       1       nonapi.io.github.classgraph.fastzipfilereader.NestedJarHandler$3::newInstance (10 bytes)
Event: 33.203 Thread 0x00000254cc8cda60 nmethod 4061 0x00000254c3d1ef90 code [0x00000254c3d1f160, 0x00000254c3d1f488]
Event: 33.203 Thread 0x00000254cc8cda60 4062       1       nonapi.io.github.classgraph.fastzipfilereader.LogicalZipFile::<init> (26 bytes)
Event: 33.204 Thread 0x00000254cc8cda60 nmethod 4062 0x00000254c3d1f610 code [0x00000254c3d1f7c0, 0x00000254c3d1fa08]
Event: 33.204 Thread 0x00000254cc8cda60 4065   !   1       nonapi.io.github.classgraph.fileslice.FileSlice::load (178 bytes)
Event: 33.205 Thread 0x00000254cc8cda60 nmethod 4065 0x00000254c3d1fb10 code [0x00000254c3d1fd60, 0x00000254c3d20498]
Event: 33.205 Thread 0x00000254cc8cda60 4067   !   1       nonapi.io.github.classgraph.fastzipfilereader.NestedJarHandler::readAllBytesAsArray (263 bytes)
Event: 33.207 Thread 0x00000254cc8cda60 nmethod 4067 0x00000254c3d20890 code [0x00000254c3d20ae0, 0x00000254c3d21458]
Event: 33.207 Thread 0x00000254cc8cda60 4066       1       nonapi.io.github.classgraph.fileslice.Slice::open (6 bytes)
Event: 33.207 Thread 0x00000254cc8cda60 nmethod 4066 0x00000254c3d21a90 code [0x00000254c3d21c40, 0x00000254c3d21e78]
Event: 33.207 Thread 0x00000254cc8cda60 4068       1       nonapi.io.github.classgraph.fastzipfilereader.NestedJarHandler$8::read (60 bytes)
Event: 33.208 Thread 0x00000254cc8cda60 nmethod 4068 0x00000254c3d22010 code [0x00000254c3d221e0, 0x00000254c3d22518]
Event: 33.218 Thread 0x00000254cc8cda60 4069       1       nonapi.io.github.classgraph.fileslice.reader.RandomAccessByteBufferReader::readShort (7 bytes)
Event: 33.218 Thread 0x00000254cc8cda60 nmethod 4069 0x00000254c3d22710 code [0x00000254c3d228a0, 0x00000254c3d229a8]
Event: 33.222 Thread 0x00000254cc8cda60 4070       1       java.util.concurrent.locks.AbstractQueuedSynchronizer$ConditionNode::isReleasable (23 bytes)
Event: 33.222 Thread 0x00000254cc8cda60 nmethod 4070 0x00000254c3d22a90 code [0x00000254c3d22c20, 0x00000254c3d22d18]

GC Heap History (20 events):
Event: 26.906 GC heap before
{Heap before GC invocations=43 (full 0):
 garbage-first heap   total 199680K, used 157657K [0x00000000a1e00000, 0x0000000100000000)
  region size 1024K, 66 young (67584K), 7 survivors (7168K)
 Metaspace       used 34275K, committed 34624K, reserved 1081344K
  class space    used 4449K, committed 4608K, reserved 1048576K
}
Event: 26.913 GC heap after
{Heap after GC invocations=44 (full 0):
 garbage-first heap   total 199680K, used 101854K [0x00000000a1e00000, 0x0000000100000000)
  region size 1024K, 7 young (7168K), 7 survivors (7168K)
 Metaspace       used 34275K, committed 34624K, reserved 1081344K
  class space    used 4449K, committed 4608K, reserved 1048576K
}
Event: 26.924 GC heap before
{Heap before GC invocations=44 (full 0):
 garbage-first heap   total 199680K, used 102878K [0x00000000a1e00000, 0x0000000100000000)
  region size 1024K, 9 young (9216K), 7 survivors (7168K)
 Metaspace       used 34275K, committed 34624K, reserved 1081344K
  class space    used 4449K, committed 4608K, reserved 1048576K
}
Event: 26.933 GC heap after
{Heap after GC invocations=45 (full 0):
 garbage-first heap   total 239616K, used 101375K [0x00000000a1e00000, 0x0000000100000000)
  region size 1024K, 1 young (1024K), 1 survivors (1024K)
 Metaspace       used 34275K, committed 34624K, reserved 1081344K
  class space    used 4449K, committed 4608K, reserved 1048576K
}
Event: 27.577 GC heap before
{Heap before GC invocations=45 (full 0):
 garbage-first heap   total 239616K, used 198655K [0x00000000a1e00000, 0x0000000100000000)
  region size 1024K, 96 young (98304K), 1 survivors (1024K)
 Metaspace       used 34275K, committed 34624K, reserved 1081344K
  class space    used 4449K, committed 4608K, reserved 1048576K
}
Event: 27.583 GC heap after
{Heap after GC invocations=46 (full 0):
 garbage-first heap   total 239616K, used 107360K [0x00000000a1e00000, 0x0000000100000000)
  region size 1024K, 6 young (6144K), 6 survivors (6144K)
 Metaspace       used 34275K, committed 34624K, reserved 1081344K
  class space    used 4449K, committed 4608K, reserved 1048576K
}
Event: 28.068 GC heap before
{Heap before GC invocations=46 (full 0):
 garbage-first heap   total 239616K, used 198496K [0x00000000a1e00000, 0x0000000100000000)
  region size 1024K, 96 young (98304K), 6 survivors (6144K)
 Metaspace       used 34275K, committed 34624K, reserved 1081344K
  class space    used 4449K, committed 4608K, reserved 1048576K
}
Event: 28.076 GC heap after
{Heap after GC invocations=47 (full 0):
 garbage-first heap   total 239616K, used 111807K [0x00000000a1e00000, 0x0000000100000000)
  region size 1024K, 11 young (11264K), 11 survivors (11264K)
 Metaspace       used 34275K, committed 34624K, reserved 1081344K
  class space    used 4449K, committed 4608K, reserved 1048576K
}
Event: 28.571 GC heap before
{Heap before GC invocations=47 (full 0):
 garbage-first heap   total 239616K, used 198847K [0x00000000a1e00000, 0x0000000100000000)
  region size 1024K, 97 young (99328K), 11 survivors (11264K)
 Metaspace       used 34275K, committed 34624K, reserved 1081344K
  class space    used 4449K, committed 4608K, reserved 1048576K
}
Event: 28.583 GC heap after
{Heap after GC invocations=48 (full 0):
 garbage-first heap   total 239616K, used 116109K [0x00000000a1e00000, 0x0000000100000000)
  region size 1024K, 9 young (9216K), 9 survivors (9216K)
 Metaspace       used 34275K, committed 34624K, reserved 1081344K
  class space    used 4449K, committed 4608K, reserved 1048576K
}
Event: 29.181 GC heap before
{Heap before GC invocations=48 (full 0):
 garbage-first heap   total 239616K, used 201101K [0x00000000a1e00000, 0x0000000100000000)
  region size 1024K, 93 young (95232K), 9 survivors (9216K)
 Metaspace       used 34275K, committed 34624K, reserved 1081344K
  class space    used 4449K, committed 4608K, reserved 1048576K
}
Event: 29.190 GC heap after
{Heap after GC invocations=49 (full 0):
 garbage-first heap   total 239616K, used 120931K [0x00000000a1e00000, 0x0000000100000000)
  region size 1024K, 9 young (9216K), 9 survivors (9216K)
 Metaspace       used 34275K, committed 34624K, reserved 1081344K
  class space    used 4449K, committed 4608K, reserved 1048576K
}
Event: 29.746 GC heap before
{Heap before GC invocations=49 (full 0):
 garbage-first heap   total 239616K, used 201827K [0x00000000a1e00000, 0x0000000100000000)
  region size 1024K, 89 young (91136K), 9 survivors (9216K)
 Metaspace       used 34275K, committed 34624K, reserved 1081344K
  class space    used 4449K, committed 4608K, reserved 1048576K
}
Event: 29.755 GC heap after
{Heap after GC invocations=50 (full 0):
 garbage-first heap   total 239616K, used 125148K [0x00000000a1e00000, 0x0000000100000000)
  region size 1024K, 9 young (9216K), 9 survivors (9216K)
 Metaspace       used 34275K, committed 34624K, reserved 1081344K
  class space    used 4449K, committed 4608K, reserved 1048576K
}
Event: 30.426 GC heap before
{Heap before GC invocations=51 (full 0):
 garbage-first heap   total 239616K, used 202972K [0x00000000a1e00000, 0x0000000100000000)
  region size 1024K, 86 young (88064K), 9 survivors (9216K)
 Metaspace       used 34322K, committed 34688K, reserved 1081344K
  class space    used 4453K, committed 4608K, reserved 1048576K
}
Event: 30.435 GC heap after
{Heap after GC invocations=52 (full 0):
 garbage-first heap   total 239616K, used 131537K [0x00000000a1e00000, 0x0000000100000000)
  region size 1024K, 11 young (11264K), 11 survivors (11264K)
 Metaspace       used 34322K, committed 34688K, reserved 1081344K
  class space    used 4453K, committed 4608K, reserved 1048576K
}
Event: 30.441 GC heap before
{Heap before GC invocations=52 (full 0):
 garbage-first heap   total 239616K, used 132561K [0x00000000a1e00000, 0x0000000100000000)
  region size 1024K, 12 young (12288K), 11 survivors (11264K)
 Metaspace       used 34322K, committed 34688K, reserved 1081344K
  class space    used 4453K, committed 4608K, reserved 1048576K
}
Event: 30.454 GC heap after
{Heap after GC invocations=53 (full 0):
 garbage-first heap   total 239616K, used 131901K [0x00000000a1e00000, 0x0000000100000000)
  region size 1024K, 2 young (2048K), 2 survivors (2048K)
 Metaspace       used 34322K, committed 34688K, reserved 1081344K
  class space    used 4453K, committed 4608K, reserved 1048576K
}
Event: 33.086 GC heap before
{Heap before GC invocations=53 (full 0):
 garbage-first heap   total 239616K, used 201533K [0x00000000a1e00000, 0x0000000100000000)
  region size 1024K, 71 young (72704K), 2 survivors (2048K)
 Metaspace       used 39019K, committed 39424K, reserved 1089536K
  class space    used 5368K, committed 5568K, reserved 1048576K
}
Event: 33.110 GC heap after
{Heap after GC invocations=54 (full 0):
 garbage-first heap   total 239616K, used 157127K [0x00000000a1e00000, 0x0000000100000000)
  region size 1024K, 9 young (9216K), 9 survivors (9216K)
 Metaspace       used 39019K, committed 39424K, reserved 1089536K
  class space    used 5368K, committed 5568K, reserved 1048576K
}

Deoptimization events (12 events):
Event: 4.242 Thread 0x00000254c08b0750 DEOPT PACKING pc=0x00000254c37ab1f5 sp=0x000000d0b3dfdaf0
Event: 4.242 Thread 0x00000254c08b0750 DEOPT UNPACKING pc=0x00000254c3582b43 sp=0x000000d0b3dfcf60 mode 3
Event: 6.552 Thread 0x00000254c08b0750 DEOPT PACKING pc=0x00000254c38c0519 sp=0x000000d0b3dfd2a0
Event: 6.552 Thread 0x00000254c08b0750 DEOPT UNPACKING pc=0x00000254c3582b43 sp=0x000000d0b3dfc780 mode 3
Event: 9.538 Thread 0x00000254c08b0750 DEOPT PACKING pc=0x00000254c3986475 sp=0x000000d0b3dfe130
Event: 9.538 Thread 0x00000254c08b0750 DEOPT UNPACKING pc=0x00000254c3582b43 sp=0x000000d0b3dfd5a0 mode 3
Event: 15.186 Thread 0x00000254ceb92860 DEOPT PACKING pc=0x00000254c3a7672b sp=0x000000d0b55fe600
Event: 15.186 Thread 0x00000254ceb92860 DEOPT UNPACKING pc=0x00000254c3582b43 sp=0x000000d0b55fdb48 mode 3
Event: 15.957 Thread 0x00000254cd550030 DEOPT PACKING pc=0x00000254c38c2501 sp=0x000000d0b58fed20
Event: 15.957 Thread 0x00000254cd550030 DEOPT UNPACKING pc=0x00000254c3582b43 sp=0x000000d0b58fe1b0 mode 3
Event: 17.411 Thread 0x00000254cdd24c90 DEOPT PACKING pc=0x00000254c3bb2e35 sp=0x000000d0b69fd850
Event: 17.411 Thread 0x00000254cdd24c90 DEOPT UNPACKING pc=0x00000254c3582b43 sp=0x000000d0b69fcd68 mode 3

Classes unloaded (0 events):
No events

Classes redefined (0 events):
No events

Internal exceptions (20 events):
Event: 32.912 Thread 0x00000254cf2cb1c0 Exception <a 'sun/nio/fs/WindowsException'{0x00000000ad4663a0}> (0x00000000ad4663a0) 
thrown [e:\jenkins\tmp\workspace\build\src\src\hotspot\share\prims\jni.cpp, line 516]
Event: 32.912 Thread 0x00000254cf2cb1c0 Exception <a 'sun/nio/fs/WindowsException'{0x00000000ad466df0}> (0x00000000ad466df0) 
thrown [e:\jenkins\tmp\workspace\build\src\src\hotspot\share\prims\jni.cpp, line 516]
Event: 32.912 Thread 0x00000254cf2cb1c0 Exception <a 'sun/nio/fs/WindowsException'{0x00000000ad467200}> (0x00000000ad467200) 
thrown [e:\jenkins\tmp\workspace\build\src\src\hotspot\share\prims\jni.cpp, line 516]
Event: 32.912 Thread 0x00000254cf2cb1c0 Exception <a 'sun/nio/fs/WindowsException'{0x00000000ad467c28}> (0x00000000ad467c28) 
thrown [e:\jenkins\tmp\workspace\build\src\src\hotspot\share\prims\jni.cpp, line 516]
Event: 32.913 Thread 0x00000254cf2cb1c0 Exception <a 'sun/nio/fs/WindowsException'{0x00000000ad468008}> (0x00000000ad468008) 
thrown [e:\jenkins\tmp\workspace\build\src\src\hotspot\share\prims\jni.cpp, line 516]
Event: 32.913 Thread 0x00000254cf2cb1c0 Exception <a 'sun/nio/fs/WindowsException'{0x00000000ad4689f8}> (0x00000000ad4689f8) 
thrown [e:\jenkins\tmp\workspace\build\src\src\hotspot\share\prims\jni.cpp, line 516]
Event: 32.913 Thread 0x00000254cf2cb1c0 Exception <a 'sun/nio/fs/WindowsException'{0x00000000ad468da0}> (0x00000000ad468da0) 
thrown [e:\jenkins\tmp\workspace\build\src\src\hotspot\share\prims\jni.cpp, line 516]
Event: 32.914 Thread 0x00000254cf2cb1c0 Exception <a 'sun/nio/fs/WindowsException'{0x00000000ad4697a0}> (0x00000000ad4697a0) 
thrown [e:\jenkins\tmp\workspace\build\src\src\hotspot\share\prims\jni.cpp, line 516]
Event: 32.914 Thread 0x00000254cf2cb1c0 Exception <a 'sun/nio/fs/WindowsException'{0x00000000ad469b60}> (0x00000000ad469b60) 
thrown [e:\jenkins\tmp\workspace\build\src\src\hotspot\share\prims\jni.cpp, line 516]
Event: 32.914 Thread 0x00000254cf2cb1c0 Exception <a 'sun/nio/fs/WindowsException'{0x00000000ad46a560}> (0x00000000ad46a560) 
thrown [e:\jenkins\tmp\workspace\build\src\src\hotspot\share\prims\jni.cpp, line 516]
Event: 32.915 Thread 0x00000254cf2cb1c0 Exception <a 'sun/nio/fs/WindowsException'{0x00000000ad46a910}> (0x00000000ad46a910) 
thrown [e:\jenkins\tmp\workspace\build\src\src\hotspot\share\prims\jni.cpp, line 516]
Event: 32.915 Thread 0x00000254cf2cb1c0 Exception <a 'sun/nio/fs/WindowsException'{0x00000000ad46b310}> (0x00000000ad46b310) 
thrown [e:\jenkins\tmp\workspace\build\src\src\hotspot\share\prims\jni.cpp, line 516]
Event: 32.915 Thread 0x00000254cf2cb1c0 Exception <a 'sun/nio/fs/WindowsException'{0x00000000ad46b6d0}> (0x00000000ad46b6d0) 
thrown [e:\jenkins\tmp\workspace\build\src\src\hotspot\share\prims\jni.cpp, line 516]
Event: 32.915 Thread 0x00000254cf2cb1c0 Exception <a 'sun/nio/fs/WindowsException'{0x00000000ad46c0f8}> (0x00000000ad46c0f8) 
thrown [e:\jenkins\tmp\workspace\build\src\src\hotspot\share\prims\jni.cpp, line 516]
Event: 32.915 Thread 0x00000254cf2cb1c0 Exception <a 'sun/nio/fs/WindowsException'{0x00000000ad46c4d8}> (0x00000000ad46c4d8) 
thrown [e:\jenkins\tmp\workspace\build\src\src\hotspot\share\prims\jni.cpp, line 516]
Event: 32.915 Thread 0x00000254cf2cb1c0 Exception <a 'sun/nio/fs/WindowsException'{0x00000000ad46cf10}> (0x00000000ad46cf10) 
thrown [e:\jenkins\tmp\workspace\build\src\src\hotspot\share\prims\jni.cpp, line 516]
Event: 32.915 Thread 0x00000254cf2cb1c0 Exception <a 'sun/nio/fs/WindowsException'{0x00000000ad46d300}> (0x00000000ad46d300) 
thrown [e:\jenkins\tmp\workspace\build\src\src\hotspot\share\prims\jni.cpp, line 516]
Event: 32.916 Thread 0x00000254cf2cb1c0 Exception <a 'sun/nio/fs/WindowsException'{0x00000000ad46dd28}> (0x00000000ad46dd28) 
thrown [e:\jenkins\tmp\workspace\build\src\src\hotspot\share\prims\jni.cpp, line 516]
Event: 32.916 Thread 0x00000254cf2cb1c0 Exception <a 'sun/nio/fs/WindowsException'{0x00000000ad46e118}> (0x00000000ad46e118) 
thrown [e:\jenkins\tmp\workspace\build\src\src\hotspot\share\prims\jni.cpp, line 516]
Event: 32.920 Thread 0x00000254cf2ce1e0 Exception <a 'java/lang/NoSuchMethodError'{0x00000000ad34f3e8}: 'java.lang.Object java.lang.invoke.Invokers$Holder.invoke_MT(java.lang.Object, java.lang.Object, java.lang.Object)'> (0x00000000ad34f3e8) 
thrown [e:\jenkins\tmp\workspace\build\src\src\hotspot\share\interpreter\linkResolver.cpp, line 766]

VM Operations (20 events):
Event: 33.207 Executing VM operation: ICBufferFull done
Event: 33.208 Executing VM operation: ICBufferFull
Event: 33.208 Executing VM operation: ICBufferFull done
Event: 33.208 Executing VM operation: ICBufferFull
Event: 33.210 Executing VM operation: ICBufferFull done
Event: 33.210 Executing VM operation: ICBufferFull
Event: 33.211 Executing VM operation: ICBufferFull done
Event: 33.211 Executing VM operation: ICBufferFull
Event: 33.212 Executing VM operation: ICBufferFull done
Event: 33.215 Executing VM operation: ICBufferFull
Event: 33.216 Executing VM operation: ICBufferFull done
Event: 33.218 Executing VM operation: ICBufferFull
Event: 33.219 Executing VM operation: ICBufferFull done
Event: 33.219 Executing VM operation: ICBufferFull
Event: 33.219 Executing VM operation: ICBufferFull done
Event: 33.219 Executing VM operation: ICBufferFull
Event: 33.220 Executing VM operation: ICBufferFull done
Event: 33.222 Executing VM operation: ICBufferFull
Event: 33.222 Executing VM operation: ICBufferFull done
Event: 33.224 Executing VM operation: G1Concurrent

Events (20 events):
Event: 32.859 Thread 0x00000254cf2cd840 Thread added: 0x00000254cf2cd840
Event: 32.860 Thread 0x00000254cf2cdd10 Thread added: 0x00000254cf2cdd10
Event: 32.861 Thread 0x00000254cf2d0d30 Thread added: 0x00000254cf2d0d30
Event: 32.862 Thread 0x00000254cf2cb690 Thread added: 0x00000254cf2cb690
Event: 32.862 Thread 0x00000254cf2d0860 Thread added: 0x00000254cf2d0860
Event: 32.863 Thread 0x00000254cf2ce1e0 Thread added: 0x00000254cf2ce1e0
Event: 32.917 loading class java/nio/channels/FileChannel$MapMode
Event: 32.918 loading class java/nio/channels/FileChannel$MapMode done
Event: 32.918 loading class jdk/internal/misc/ExtendedMapMode
Event: 32.919 loading class jdk/internal/misc/ExtendedMapMode done
Event: 32.921 loading class sun/nio/ch/FileChannelImpl$DefaultUnmapper
Event: 32.925 loading class sun/nio/ch/FileChannelImpl$Unmapper
Event: 32.925 loading class jdk/internal/access/foreign/UnmapperProxy
Event: 32.926 loading class jdk/internal/access/foreign/UnmapperProxy done
Event: 32.926 loading class sun/nio/ch/FileChannelImpl$Unmapper done
Event: 32.926 loading class sun/nio/ch/FileChannelImpl$DefaultUnmapper done
Event: 32.941 loading class sun/nio/ch/Util$4
Event: 32.942 loading class sun/nio/ch/Util$4 done
Event: 32.942 loading class jdk/internal/access/foreign/MemorySegmentProxy
Event: 32.943 loading class jdk/internal/access/foreign/MemorySegmentProxy done


Dynamic libraries:
0x00007ff6f3330000 - 0x00007ff6f333e000 	c:\Users\muham\.vscode\extensions\redhat.java-1.9.0-win32-x64\jre\17.0.3-win32-x86_64\bin\java.exe
0x00007ff9f3e20000 - 0x00007ff9f4029000 	C:\Windows\SYSTEM32\ntdll.dll
0x00007ff9f3000000 - 0x00007ff9f30bd000 	C:\Windows\System32\KERNEL32.DLL
0x00007ff9f1370000 - 0x00007ff9f16e9000 	C:\Windows\System32\KERNELBASE.dll
0x00007ff9f19b0000 - 0x00007ff9f1ac1000 	C:\Windows\System32\ucrtbase.dll
0x00007ff9dcaf0000 - 0x00007ff9dcb08000 	c:\Users\muham\.vscode\extensions\redhat.java-1.9.0-win32-x64\jre\17.0.3-win32-x86_64\bin\jli.dll
0x00007ff9f29c0000 - 0x00007ff9f2b6c000 	C:\Windows\System32\USER32.dll
0x00007ff9f16f0000 - 0x00007ff9f1716000 	C:\Windows\System32\win32u.dll
0x00007ff9d3d10000 - 0x00007ff9d3d29000 	c:\Users\muham\.vscode\extensions\redhat.java-1.9.0-win32-x64\jre\17.0.3-win32-x86_64\bin\VCRUNTIME140.dll
0x00007ff9c0e40000 - 0x00007ff9c10e5000 	C:\Windows\WinSxS\amd64_microsoft.windows.common-controls_6595b64144ccf1df_6.0.22000.120_none_9d947278b86cc467\COMCTL32.dll
0x00007ff9f1d30000 - 0x00007ff9f1d59000 	C:\Windows\System32\GDI32.dll
0x00007ff9f2f50000 - 0x00007ff9f2ff3000 	C:\Windows\System32\msvcrt.dll
0x00007ff9f1b90000 - 0x00007ff9f1ca2000 	C:\Windows\System32\gdi32full.dll
0x00007ff9f17a0000 - 0x00007ff9f183d000 	C:\Windows\System32\msvcp_win.dll
0x00007ff9f3530000 - 0x00007ff9f3561000 	C:\Windows\System32\IMM32.DLL
0x00007ff9e2630000 - 0x00007ff9e263c000 	c:\Users\muham\.vscode\extensions\redhat.java-1.9.0-win32-x64\jre\17.0.3-win32-x86_64\bin\vcruntime140_1.dll
0x00007ff9682e0000 - 0x00007ff968371000 	c:\Users\muham\.vscode\extensions\redhat.java-1.9.0-win32-x64\jre\17.0.3-win32-x86_64\bin\msvcp140.dll
0x00007ff934600000 - 0x00007ff935248000 	c:\Users\muham\.vscode\extensions\redhat.java-1.9.0-win32-x64\jre\17.0.3-win32-x86_64\bin\server\jvm.dll
0x00007ff9f3660000 - 0x00007ff9f370e000 	C:\Windows\System32\ADVAPI32.dll
0x00007ff9f3570000 - 0x00007ff9f360e000 	C:\Windows\System32\sechost.dll
0x00007ff9f3710000 - 0x00007ff9f3830000 	C:\Windows\System32\RPCRT4.dll
0x00007ff9f1f20000 - 0x00007ff9f1f28000 	C:\Windows\System32\PSAPI.DLL
0x00007ff9dfaa0000 - 0x00007ff9dfaa9000 	C:\Windows\SYSTEM32\WSOCK32.dll
0x00007ff9f38e0000 - 0x00007ff9f394f000 	C:\Windows\System32\WS2_32.dll
0x00007ff9eba00000 - 0x00007ff9eba33000 	C:\Windows\SYSTEM32\WINMM.dll
0x00007ff9e72d0000 - 0x00007ff9e72da000 	C:\Windows\SYSTEM32\VERSION.dll
0x00007ff9f03c0000 - 0x00007ff9f03d8000 	C:\Windows\SYSTEM32\kernel.appcore.dll
0x00007ff9e1d00000 - 0x00007ff9e1d0a000 	c:\Users\muham\.vscode\extensions\redhat.java-1.9.0-win32-x64\jre\17.0.3-win32-x86_64\bin\jimage.dll
0x00007ff9c6740000 - 0x00007ff9c6961000 	C:\Windows\SYSTEM32\DBGHELP.DLL
0x00007ff9c6630000 - 0x00007ff9c6661000 	C:\Windows\SYSTEM32\dbgcore.DLL
0x00007ff9f1720000 - 0x00007ff9f179f000 	C:\Windows\System32\bcryptPrimitives.dll
0x00007ff9bf330000 - 0x00007ff9bf355000 	c:\Users\muham\.vscode\extensions\redhat.java-1.9.0-win32-x64\jre\17.0.3-win32-x86_64\bin\java.dll
0x00007ff9c5c20000 - 0x00007ff9c5c38000 	c:\Users\muham\.vscode\extensions\redhat.java-1.9.0-win32-x64\jre\17.0.3-win32-x86_64\bin\zip.dll
0x00007ff9f2180000 - 0x00007ff9f2938000 	C:\Windows\System32\SHELL32.dll
0x00007ff9ef430000 - 0x00007ff9efc97000 	C:\Windows\SYSTEM32\windows.storage.dll
0x00007ff9f2bd0000 - 0x00007ff9f2f49000 	C:\Windows\System32\combase.dll
0x00007ff9ef2c0000 - 0x00007ff9ef426000 	C:\Windows\SYSTEM32\wintypes.dll
0x00007ff9f1f30000 - 0x00007ff9f201a000 	C:\Windows\System32\SHCORE.dll
0x00007ff9f2020000 - 0x00007ff9f207d000 	C:\Windows\System32\shlwapi.dll
0x00007ff9f1230000 - 0x00007ff9f1251000 	C:\Windows\SYSTEM32\profapi.dll
0x00007ff9c4ab0000 - 0x00007ff9c4ac9000 	C:\Users\muham\.vscode\extensions\redhat.java-1.9.0-win32-x64\jre\17.0.3-win32-x86_64\bin\net.dll
0x00007ff9ea400000 - 0x00007ff9ea50c000 	C:\Windows\SYSTEM32\WINHTTP.dll
0x00007ff9f07e0000 - 0x00007ff9f0847000 	C:\Windows\system32\mswsock.dll
0x00007ff9be280000 - 0x00007ff9be295000 	C:\Users\muham\.vscode\extensions\redhat.java-1.9.0-win32-x64\jre\17.0.3-win32-x86_64\bin\nio.dll
0x00007ff9e17a0000 - 0x00007ff9e17b0000 	c:\Users\muham\.vscode\extensions\redhat.java-1.9.0-win32-x64\jre\17.0.3-win32-x86_64\bin\verify.dll
0x00007ff9ebfc0000 - 0x00007ff9ebfc9000 	C:\Users\muham\.vscode\extensions\redhat.java-1.9.0-win32-x64\jre\17.0.3-win32-x86_64\bin\management.dll
0x00007ff9ebfb0000 - 0x00007ff9ebfbb000 	C:\Users\muham\.vscode\extensions\redhat.java-1.9.0-win32-x64\jre\17.0.3-win32-x86_64\bin\management_ext.dll
0x00007ff9b8830000 - 0x00007ff9b8847000 	C:\Windows\system32\napinsp.dll
0x00007ff9b8810000 - 0x00007ff9b882b000 	C:\Windows\system32\pnrpnsp.dll
0x00007ff9eff20000 - 0x00007ff9f0008000 	C:\Windows\SYSTEM32\DNSAPI.dll
0x00007ff9efef0000 - 0x00007ff9eff1d000 	C:\Windows\SYSTEM32\IPHLPAPI.DLL
0x00007ff9f3650000 - 0x00007ff9f3659000 	C:\Windows\System32\NSI.dll
0x00007ff9b7220000 - 0x00007ff9b7232000 	C:\Windows\System32\winrnr.dll
0x00007ff9ea220000 - 0x00007ff9ea235000 	C:\Windows\system32\wshbth.dll
0x00007ff9b7200000 - 0x00007ff9b721f000 	C:\Windows\system32\nlansp_c.dll
0x00007ff9e74c0000 - 0x00007ff9e74ca000 	C:\Windows\System32\rasadhlp.dll
0x00007ff9e8c90000 - 0x00007ff9e8d11000 	C:\Windows\System32\fwpuclnt.dll
0x00007ff9f0ab0000 - 0x00007ff9f0ac8000 	C:\Windows\SYSTEM32\CRYPTSP.dll
0x00007ff9f0320000 - 0x00007ff9f0355000 	C:\Windows\system32\rsaenh.dll
0x00007ff9f0880000 - 0x00007ff9f08a9000 	C:\Windows\SYSTEM32\USERENV.dll
0x00007ff9f0bf0000 - 0x00007ff9f0c17000 	C:\Windows\SYSTEM32\bcrypt.dll
0x00007ff9f09d0000 - 0x00007ff9f09dc000 	C:\Windows\SYSTEM32\CRYPTBASE.dll
0x00007ff9ea320000 - 0x00007ff9ea339000 	C:\Windows\SYSTEM32\dhcpcsvc6.DLL
0x00007ff9eb9c0000 - 0x00007ff9eb9de000 	C:\Windows\SYSTEM32\dhcpcsvc.DLL

dbghelp: loaded successfully - version: 4.0.5 - missing functions: none
symbol engine: initialized successfully - sym options: 0x614 - pdb path: .;c:\Users\muham\.vscode\extensions\redhat.java-1.9.0-win32-x64\jre\17.0.3-win32-x86_64\bin;C:\Windows\SYSTEM32;C:\Windows\WinSxS\amd64_microsoft.windows.common-controls_6595b64144ccf1df_6.0.22000.120_none_9d947278b86cc467;c:\Users\muham\.vscode\extensions\redhat.java-1.9.0-win32-x64\jre\17.0.3-win32-x86_64\bin\server

VM Arguments:
jvm_args: --add-modules=ALL-SYSTEM --add-exports=jdk.compiler/com.sun.tools.javac.file=ALL-UNNAMED --add-exports=jdk.compiler/com.sun.tools.javac.util=ALL-UNNAMED --add-exports=jdk.compiler/com.sun.tools.javac.comp=ALL-UNNAMED --add-exports=jdk.compiler/com.sun.tools.javac.main=ALL-UNNAMED --add-exports=jdk.compiler/com.sun.tools.javac.tree=ALL-UNNAMED --add-exports=jdk.compiler/com.sun.tools.javac.code=ALL-UNNAMED -Dsts.lsp.client=vscode -Dsts.log.file=/dev/null -XX:TieredStopAtLevel=1 -Dspring.config.location=file:c:\Users\muham\.vscode\extensions\pivotal.vscode-spring-boot-1.36.0\language-server\BOOT-INF\classes\application.properties 
java_command: org.springframework.ide.vscode.boot.app.BootLanguageServerBootApp
java_class_path (initial): c:\Users\muham\.vscode\extensions\pivotal.vscode-spring-boot-1.36.0\language-server\BOOT-INF\classes;c:\Users\muham\.vscode\extensions\pivotal.vscode-spring-boot-1.36.0\language-server\BOOT-INF\lib\annotations-23.0.0.jar;c:\Users\muham\.vscode\extensions\pivotal.vscode-spring-boot-1.36.0\language-server\BOOT-INF\lib\antlr-runtime-3.5.2.jar;c:\Users\muham\.vscode\extensions\pivotal.vscode-spring-boot-1.36.0\language-server\BOOT-INF\lib\antlr4-4.9.3.jar;c:\Users\muham\.vscode\extensions\pivotal.vscode-spring-boot-1.36.0\language-server\BOOT-INF\lib\antlr4-runtime-4.9.3.jar;c:\Users\muham\.vscode\extensions\pivotal.vscode-spring-boot-1.36.0\language-server\BOOT-INF\lib\asm-9.3.jar;c:\Users\muham\.vscode\extensions\pivotal.vscode-spring-boot-1.36.0\language-server\BOOT-INF\lib\asm-analysis-9.3.jar;c:\Users\muham\.vscode\extensions\pivotal.vscode-spring-boot-1.36.0\language-server\BOOT-INF\lib\asm-tree-9.3.jar;c:\Users\muham\.vscode\extensions\pivotal.vscode-spring-boot-1.36.0\language-server\BOOT-INF\lib\asm-util-9.3.jar;c:\Users\muham\.vscode\extensions\pivotal.vscode-spring-boot-1.36.0\language-server\BOOT-INF\lib\byte-buddy-1.10.18.jar;c:\Users\muham\.vscode\extensions\pivotal.vscode-spring-boot-1.36.0\language-server\BOOT-INF\lib\caffeine-2.8.6.jar;c:\Users\muham\.vscode\extensions\pivotal.vscode-spring-boot-1.36.0\language-server\BOOT-INF\lib\checker-qual-3.12.0.jar;c:\Users\muham\.vscode\extensions\pivotal.vscode-spring-boot-1.36.0\language-server\BOOT-INF\lib\classgraph-4.8.146.jar;c:\Users\muham\.vscode\extensions\pivotal.vscode-spring-boot-1.36.0\language-server\BOOT-INF\lib\commons-codec-1.14.jar;c:\Users\muham\.vscode\extensions\pivotal.vscode-spring-boot-1.36.0\language-server\BOOT-INF\lib\commons-compress-1.21.jar;c:\Users\muham\.vscode\extensions\pivotal.vscode-spring-boot-1.36.0\language-server\BOOT-INF\lib\commons-exec-1.3.jar;c:\Users\muham\.vscode\extensions\pivotal.vscode-spring-boot-1.36.0\language-server\BOOT-INF\lib\com
Launcher Type: SUN_STANDARD

[Global flags]
     intx CICompilerCount                          = 4                                         {product} {ergonomic}
     uint ConcGCThreads                            = 2                                         {product} {ergonomic}
     uint G1ConcRefinementThreads                  = 8                                         {product} {ergonomic}
   size_t G1HeapRegionSize                         = 1048576                                   {product} {ergonomic}
    uintx GCDrainStackTargetSize                   = 64                                        {product} {ergonomic}
   size_t InitialHeapSize                          = 100663296                                 {product} {ergonomic}
   size_t MarkStackSize                            = 4194304                                   {product} {ergonomic}
   size_t MaxHeapSize                              = 1579155456                                {product} {ergonomic}
   size_t MaxNewSize                               = 946864128                                 {product} {ergonomic}
   size_t MinHeapDeltaBytes                        = 1048576                                   {product} {ergonomic}
   size_t MinHeapSize                              = 8388608                                   {product} {ergonomic}
    uintx NonProfiledCodeHeapSize                  = 0                                      {pd product} {ergonomic}
     bool ProfileInterpreter                       = false                                  {pd product} {command line}
    uintx ProfiledCodeHeapSize                     = 0                                      {pd product} {ergonomic}
   size_t SoftMaxHeapSize                          = 1579155456                             {manageable} {ergonomic}
     intx TieredStopAtLevel                        = 1                                         {product} {command line}
     bool UseCompressedClassPointers               = true                           {product lp64_product} {ergonomic}
     bool UseCompressedOops                        = true                           {product lp64_product} {ergonomic}
     bool UseG1GC                                  = true                                      {product} {ergonomic}
     bool UseLargePagesIndividualAllocation        = false                                  {pd product} {ergonomic}

Logging:
Log output configuration:
 #0: stdout all=warning uptime,level,tags
 #1: stderr all=off uptime,level,tags

Environment Variables:
PATH=C:\oracle\V982656-01\bin;C:\Program Files\Microsoft MPI\Bin\;C:\Program Files\Microsoft\jdk-11.0.12.7-hotspot\bin;C:\Windows\system32;C:\Windows;C:\Windows\System32\Wbem;C:\Windows\System32\WindowsPowerShell\v1.0\;C:\Windows\System32\OpenSSH\;C:\Program Files\Microsoft SQL Server\110\Tools\Binn\;C:\Program Files (x86)\Microsoft SQL Server\110\Tools\Binn\;C:\Program Files\Microsoft SQL Server\110\DTS\Binn\;C:\Program Files\Microsoft SQL Server\150\Tools\Binn\;C:\Program Files\Microsoft SQL Server\Client SDK\ODBC\170\Tools\Binn\;C:\Program Files\dotnet\;C:\Program Files\nodejs\;C:\ProgramData\chocolatey\bin;C:\Program Files\Git\cmd;C:\Program Files (x86)\Microsoft SQL Server\150\DTS\Binn\;C:\Program Files\Microsoft SQL Server\150\DTS\Binn\;C:\Program Files (x86)\Microsoft SQL Server\150\Tools\Binn\;C:\Program Files\Azure Data Studio\bin;C:\Program Files\Docker\Docker\resources\bin;C:\ProgramData\DockerDesktop\version-bin;C:\xampp\php;C:\ProgramData\ComposerSetup\bin;C:\Users\muham\AppData\Local\Programs\Python\Python310\Scripts\;C:\Users\muham\AppData\Local\Programs\Python\Python310\;C:\Users\muham\AppData\Local\Microsoft\WindowsApps;C:\Users\muham\AppData\Local\Programs\Microsoft VS Code\bin;C:\Users\muham\.dotnet\tools;C:\Users\muham\AppData\Roaming\npm;C:\Program Files\Azure Data Studio\bin;C:\Program Files\JetBrains\PyCharm Community Edition 2021.3.2\bin;C:\Users\muham\AppData\Local\atom\bin;C:\Users\muham\flutter\bin;C:\Users\muham\AppData\Roaming\Composer\vendor\bin;C:\Program Files\JetBrains\IntelliJ IDEA Community Edition 2021.3.2\bin;;C:\Program Files\JetBrains\PyCharm Community Edition 2022.1\bin;;C:\Program Files\JetBrains\WebStorm 2022.1\bin;;C:\Program Files\JetBrains\PhpStorm 2022.1\bin;;C:\Program Files\JetBrains\CLion 2022.1\bin;
USERNAME=muham
OS=Windows_NT
PROCESSOR_IDENTIFIER=AMD64 Family 23 Model 24 Stepping 1, AuthenticAMD



---------------  S Y S T E M  ---------------

OS:
 Windows 11 , 64 bit Build 22000 (10.0.22000.708)
OS uptime: 0 days 13:17 hours
Hyper-V role detected

CPU: total 8 (initial active 8) (8 cores per cpu, 2 threads per core) family 23 model 24 stepping 1 microcode 0x0, cx8, cmov, fxsr, ht, mmx, 3dnowpref, sse, sse2, sse3, ssse3, sse4a, sse4.1, sse4.2, popcnt, lzcnt, tsc, tscinvbit, avx, avx2, aes, clmul, bmi1, bmi2, adx, sha, fma, vzeroupper, clflush, clflushopt, hv

Memory: 4k page, system-wide physical 6020M (57M free)
TotalPageFile size 24452M (AvailPageFile size 34M)
current process WorkingSet (physical memory assigned to process): 306M, peak: 328M
current process commit charge ("private bytes"): 376M, peak: 422M

vm_info: OpenJDK 64-Bit Server VM (17.0.3+7) for windows-amd64 JRE (17.0.3+7), built on Apr 19 2022 16:55:35 by "" with MS VC++ 16.7 (VS2019)

END.
