#
# There is insufficient memory for the Java Runtime Environment to continue.
# Native memory allocation (malloc) failed to allocate 1048576 bytes for AllocateHeap
# Possible reasons:
#   The system is out of physical RAM or swap space
#   The process is running with CompressedOops enabled, and the Java Heap may be blocking the growth of the native heap
# Possible solutions:
#   Reduce memory load on the system
#   Increase physical memory or swap space
#   Check if swap backing store is full
#   Decrease Java heap size (-Xmx/-Xms)
#   Decrease number of Java threads
#   Decrease Java thread stack sizes (-Xss)
#   Set larger code cache with -XX:ReservedCodeCacheSize=
#   JVM is running with Unscaled Compressed Oops mode in which the Java heap is
#     placed in the first 4GB address space. The Java Heap base address is the
#     maximum limit for the native heap growth. Please use -XX:HeapBaseMinAddress
#     to set the Java Heap base and to place the Java Heap above 4GB virtual address.
# This output file may be truncated or incomplete.
#
#  Out of Memory Error (allocation.cpp:44), pid=20932, tid=9072
#
# JRE version: OpenJDK Runtime Environment Temurin-17.0.3+7 (17.0.3+7) (build 17.0.3+7)
# Java VM: OpenJDK 64-Bit Server VM Temurin-17.0.3+7 (17.0.3+7, mixed mode, emulated-client, tiered, compressed oops, compressed class ptrs, g1 gc, windows-amd64)
# No core dump will be written. Minidumps are not enabled by default on client versions of Windows
#

---------------  S U M M A R Y ------------

Command Line: --add-modules=ALL-SYSTEM --add-exports=jdk.compiler/com.sun.tools.javac.file=ALL-UNNAMED --add-exports=jdk.compiler/com.sun.tools.javac.util=ALL-UNNAMED --add-exports=jdk.compiler/com.sun.tools.javac.comp=ALL-UNNAMED --add-exports=jdk.compiler/com.sun.tools.javac.main=ALL-UNNAMED --add-exports=jdk.compiler/com.sun.tools.javac.tree=ALL-UNNAMED --add-exports=jdk.compiler/com.sun.tools.javac.code=ALL-UNNAMED -Dsts.lsp.client=vscode -Dsts.log.file=/dev/null -XX:TieredStopAtLevel=1 -Dspring.config.location=file:c:\Users\muham\.vscode\extensions\pivotal.vscode-spring-boot-1.36.0\language-server\BOOT-INF\classes\application.properties org.springframework.ide.vscode.boot.app.BootLanguageServerBootApp

Host: AMD Ryzen 5 3500U with Radeon Vega Mobile Gfx  , 8 cores, 5G,  Windows 11 , 64 bit Build 22000 (10.0.22000.708)
Time: Fri Jul 22 23:39:53 2022 Türkiye Standart Saati elapsed time: 3508.697241 seconds (0d 0h 58m 28s)

---------------  T H R E A D  ---------------

Current thread (0x000002656af07c70):  VMThread "VM Thread" [stack: 0x0000008db4700000,0x0000008db4800000] [id=9072]

Stack: [0x0000008db4700000,0x0000008db4800000]
Native frames: (J=compiled Java code, j=interpreted, Vv=VM code, C=native code)
V  [jvm.dll+0x675efa]
V  [jvm.dll+0x830a24]
V  [jvm.dll+0x8321ce]
V  [jvm.dll+0x832833]
V  [jvm.dll+0x2454b5]
V  [jvm.dll+0xa6393]
V  [jvm.dll+0x2f55c3]
V  [jvm.dll+0x2f12d0]
V  [jvm.dll+0x2d99b7]
V  [jvm.dll+0x31cac7]
V  [jvm.dll+0x836cdb]
V  [jvm.dll+0x837a14]
V  [jvm.dll+0x837f2c]
V  [jvm.dll+0x838304]
V  [jvm.dll+0x8383d0]
V  [jvm.dll+0x7e0cfa]
V  [jvm.dll+0x674d85]
C  [ucrtbase.dll+0x26c0c]
C  [KERNEL32.DLL+0x154e0]
C  [ntdll.dll+0x485b]

VM_Operation (0x0000008db5dfeeb0): G1CollectFull, mode: safepoint, requested by thread 0x000002656c11e7f0


---------------  P R O C E S S  ---------------

Threads class SMR info:
_java_thread_list=0x000002656ddde370, length=19, elements={
0x000002656af1ff30, 0x000002656af211b0, 0x000002656b90a4a0, 0x000002656b90aec0,
0x000002656b90bb30, 0x000002656b90c4e0, 0x000002656b90e500, 0x000002656af501e0,
0x000002656ae9f8a0, 0x000002656bb47bd0, 0x000002656c11e7f0, 0x000002656d9091c0,
0x000002656d90b370, 0x000002656d90e860, 0x000002656d909690, 0x000002656d909b60,
0x000002656d90bd10, 0x000002656d90cb80, 0x000002656d90a500
}

Java Threads: ( => current thread )
  0x000002656af1ff30 JavaThread "Reference Handler" daemon [_thread_blocked, id=5816, stack(0x0000008db4800000,0x0000008db4900000)]
  0x000002656af211b0 JavaThread "Finalizer" daemon [_thread_blocked, id=16472, stack(0x0000008db4900000,0x0000008db4a00000)]
  0x000002656b90a4a0 JavaThread "Signal Dispatcher" daemon [_thread_blocked, id=14388, stack(0x0000008db4a00000,0x0000008db4b00000)]
  0x000002656b90aec0 JavaThread "Attach Listener" daemon [_thread_blocked, id=19768, stack(0x0000008db4b00000,0x0000008db4c00000)]
  0x000002656b90bb30 JavaThread "Service Thread" daemon [_thread_blocked, id=7748, stack(0x0000008db4c00000,0x0000008db4d00000)]
  0x000002656b90c4e0 JavaThread "Monitor Deflation Thread" daemon [_thread_blocked, id=11920, stack(0x0000008db4d00000,0x0000008db4e00000)]
  0x000002656b90e500 JavaThread "C1 CompilerThread0" daemon [_thread_blocked, id=12880, stack(0x0000008db4e00000,0x0000008db4f00000)]
  0x000002656af501e0 JavaThread "Sweeper thread" daemon [_thread_blocked, id=14592, stack(0x0000008db4f00000,0x0000008db5000000)]
  0x000002656ae9f8a0 JavaThread "Common-Cleaner" daemon [_thread_blocked, id=4084, stack(0x0000008db5000000,0x0000008db5100000)]
  0x000002656bb47bd0 JavaThread "Notification Thread" daemon [_thread_blocked, id=4244, stack(0x0000008db5100000,0x0000008db5200000)]
  0x000002656c11e7f0 JavaThread "pool-7-thread-1" [_thread_blocked, id=9936, stack(0x0000008db5d00000,0x0000008db5e00000)]
  0x000002656d9091c0 JavaThread "LanguageServerApp-lifecycle" [_thread_blocked, id=20912, stack(0x0000008db6c00000,0x0000008db6d00000)]
  0x000002656d90b370 JavaThread "DestroyJavaVM" [_thread_blocked, id=8044, stack(0x0000008db4100000,0x0000008db4200000)]
  0x000002656d90e860 JavaThread "pool-8-thread-1" [_thread_in_native, id=16316, stack(0x0000008db6d00000,0x0000008db6e00000)]
  0x000002656d909690 JavaThread "Simple-Language-Server main thread" daemon [_thread_blocked, id=12120, stack(0x0000008db6e00000,0x0000008db6f00000)]
  0x000002656d909b60 JavaThread "pool-5-thread-1" [_thread_blocked, id=3100, stack(0x0000008db6f00000,0x0000008db7000000)]
  0x000002656d90bd10 JavaThread "Reconciler-1" [_thread_blocked, id=20300, stack(0x0000008db7000000,0x0000008db7100000)]
  0x000002656d90cb80 JavaThread "parallel-1" daemon [_thread_blocked, id=23096, stack(0x0000008db7100000,0x0000008db7200000)]
  0x000002656d90a500 JavaThread "pool-3-thread-1" [_thread_blocked, id=22564, stack(0x0000008db6100000,0x0000008db6200000)]

Other Threads:
=>0x000002656af07c70 VMThread "VM Thread" [stack: 0x0000008db4700000,0x0000008db4800000] [id=9072]
  0x000002656bb480a0 WatcherThread [stack: 0x0000008db5200000,0x0000008db5300000] [id=19096]
  0x000002655ef0d730 GCTaskThread "GC Thread#0" [stack: 0x0000008db4200000,0x0000008db4300000] [id=10348]
  0x000002656ba72180 GCTaskThread "GC Thread#1" [stack: 0x0000008db5300000,0x0000008db5400000] [id=24104]
  0x000002656c021460 GCTaskThread "GC Thread#2" [stack: 0x0000008db5400000,0x0000008db5500000] [id=23544]
  0x000002656c021710 GCTaskThread "GC Thread#3" [stack: 0x0000008db5500000,0x0000008db5600000] [id=19992]
  0x000002656b9d9ef0 GCTaskThread "GC Thread#4" [stack: 0x0000008db5600000,0x0000008db5700000] [id=22548]
  0x000002656b9da1a0 GCTaskThread "GC Thread#5" [stack: 0x0000008db5700000,0x0000008db5800000] [id=3628]
  0x000002656c4faa30 GCTaskThread "GC Thread#6" [stack: 0x0000008db5800000,0x0000008db5900000] [id=24056]
  0x000002656d235a50 GCTaskThread "GC Thread#7" [stack: 0x0000008db5b00000,0x0000008db5c00000] [id=24572]
  0x000002655ef1a2b0 ConcurrentGCThread "G1 Main Marker" [stack: 0x0000008db4300000,0x0000008db4400000] [id=12388]
  0x000002655ef1bcd0 ConcurrentGCThread "G1 Conc#0" [stack: 0x0000008db4400000,0x0000008db4500000] [id=19772]
  0x000002656d2b2f40 ConcurrentGCThread "G1 Conc#1" [stack: 0x0000008db5c00000,0x0000008db5d00000] [id=180]
  0x000002656ad80090 ConcurrentGCThread "G1 Refine#0" [stack: 0x0000008db4500000,0x0000008db4600000] [id=10400]
  0x000002656c4fecf0 ConcurrentGCThread "G1 Refine#1" [stack: 0x0000008db5900000,0x0000008db5a00000] [id=576]
  0x000002656d91e3c0 ConcurrentGCThread "G1 Refine#2" [stack: 0x0000008db7400000,0x0000008db7500000] [id=12728]
  0x000002656d91e0e0 ConcurrentGCThread "G1 Refine#3" [stack: 0x0000008db7500000,0x0000008db7600000] [id=23816]
  0x000002656d91ec60 ConcurrentGCThread "G1 Refine#4" [stack: 0x0000008db7600000,0x0000008db7700000] [id=22232]
  0x000002656ad80ab0 ConcurrentGCThread "G1 Service" [stack: 0x0000008db4600000,0x0000008db4700000] [id=24120]

Threads with active compile tasks:

VM state: at safepoint (normal execution)

VM Mutex/Monitor currently owned by a thread:  ([mutex/lock_event])
[0x000002655cc4e660] Threads_lock - owner thread: 0x000002656af07c70
[0x000002655eebe150] Heap_lock - owner thread: 0x000002656c11e7f0

Heap address: 0x00000000a1e00000, size: 1506 MB, Compressed Oops mode: 32-bit

CDS archive(s) not mapped
Compressed class space mapped at: 0x0000000100000000-0x0000000140000000, reserved size: 1073741824
Narrow klass base: 0x0000000000000000, Narrow klass shift: 3, Narrow klass range: 0x140000000

GC Precious Log:
 CPUs: 8 total, 8 available
 Memory: 6020M
 Large Page Support: Disabled
 NUMA Support: Disabled
 Compressed Oops: Enabled (32-bit)
 Heap Region Size: 1M
 Heap Min Capacity: 8M
 Heap Initial Capacity: 96M
 Heap Max Capacity: 1506M
 Pre-touch: Disabled
 Parallel Workers: 8
 Concurrent Workers: 2
 Concurrent Refinement Workers: 8
 Periodic GC: Disabled

Heap:
 garbage-first heap   total 86016K, used 25093K [0x00000000a1e00000, 0x0000000100000000)
  region size 1024K, 1 young (1024K), 0 survivors (0K)
 Metaspace       used 51036K, committed 51584K, reserved 1097728K
  class space    used 6631K, committed 6848K, reserved 1048576K

Heap Regions: E=young(eden), S=young(survivor), O=old, HS=humongous(starts), HC=humongous(continues), CS=collection set, F=free, OA=open archive, CA=closed archive, TAMS=top-at-mark-start (previous, next)
|   0|0x00000000a1e00000, 0x00000000a1f00000, 0x00000000a1f00000|100%| O|  |TAMS 0x00000000a1f00000, 0x00000000a1e00000| Untracked 
|   1|0x00000000a1f00000, 0x00000000a2000000, 0x00000000a2000000|100%| O|  |TAMS 0x00000000a2000000, 0x00000000a1f00000| Untracked 
|   2|0x00000000a2000000, 0x00000000a2100000, 0x00000000a2100000|100%| O|  |TAMS 0x00000000a2100000, 0x00000000a2000000| Untracked 
|   3|0x00000000a2100000, 0x00000000a21ffff0, 0x00000000a2200000| 99%| O|  |TAMS 0x00000000a21ffff0, 0x00000000a2100000| Untracked 
|   4|0x00000000a2200000, 0x00000000a22fffd8, 0x00000000a2300000| 99%| O|  |TAMS 0x00000000a22fffd8, 0x00000000a2200000| Untracked 
|   5|0x00000000a2300000, 0x00000000a23fffe8, 0x00000000a2400000| 99%| O|  |TAMS 0x00000000a23fffe8, 0x00000000a2300000| Untracked 
|   6|0x00000000a2400000, 0x00000000a24ffff8, 0x00000000a2500000| 99%| O|  |TAMS 0x00000000a24ffff8, 0x00000000a2400000| Untracked 
|   7|0x00000000a2500000, 0x00000000a2600000, 0x00000000a2600000|100%| O|  |TAMS 0x00000000a2600000, 0x00000000a2500000| Untracked 
|   8|0x00000000a2600000, 0x00000000a26fffe8, 0x00000000a2700000| 99%| O|  |TAMS 0x00000000a26fffe8, 0x00000000a2600000| Untracked 
|   9|0x00000000a2700000, 0x00000000a27fffd0, 0x00000000a2800000| 99%| O|  |TAMS 0x00000000a27fffd0, 0x00000000a2700000| Untracked 
|  10|0x00000000a2800000, 0x00000000a28fffe8, 0x00000000a2900000| 99%| O|  |TAMS 0x00000000a28fffe8, 0x00000000a2800000| Untracked 
|  11|0x00000000a2900000, 0x00000000a29fffc0, 0x00000000a2a00000| 99%| O|  |TAMS 0x00000000a29fffc0, 0x00000000a2900000| Untracked 
|  12|0x00000000a2a00000, 0x00000000a2affff0, 0x00000000a2b00000| 99%| O|  |TAMS 0x00000000a2affff0, 0x00000000a2a00000| Untracked 
|  13|0x00000000a2b00000, 0x00000000a2bfd760, 0x00000000a2c00000| 99%| O|  |TAMS 0x00000000a2bfd760, 0x00000000a2b00000| Untracked 
|  14|0x00000000a2c00000, 0x00000000a2cfff50, 0x00000000a2d00000| 99%| O|  |TAMS 0x00000000a2cfff50, 0x00000000a2c00000| Untracked 
|  15|0x00000000a2d00000, 0x00000000a2e00000, 0x00000000a2e00000|100%| O|  |TAMS 0x00000000a2e00000, 0x00000000a2d00000| Untracked 
|  16|0x00000000a2e00000, 0x00000000a2effff0, 0x00000000a2f00000| 99%| O|  |TAMS 0x00000000a2effff0, 0x00000000a2e00000| Untracked 
|  17|0x00000000a2f00000, 0x00000000a2ffd7e8, 0x00000000a3000000| 99%| O|  |TAMS 0x00000000a2ffd7e8, 0x00000000a2f00000| Untracked 
|  18|0x00000000a3000000, 0x00000000a30ffff0, 0x00000000a3100000| 99%| O|  |TAMS 0x00000000a30ffff0, 0x00000000a3000000| Untracked 
|  19|0x00000000a3100000, 0x00000000a3186868, 0x00000000a3200000| 52%| O|  |TAMS 0x00000000a3100000, 0x00000000a3100000| Untracked 
|  20|0x00000000a3200000, 0x00000000a3200048, 0x00000000a3300000|  0%| O|  |TAMS 0x00000000a3200000, 0x00000000a3200000| Untracked 
|  21|0x00000000a3300000, 0x00000000a3300000, 0x00000000a3400000|  0%| F|  |TAMS 0x00000000a3300000, 0x00000000a3300000| Untracked 
|  22|0x00000000a3400000, 0x00000000a3400000, 0x00000000a3500000|  0%| F|  |TAMS 0x00000000a3400000, 0x00000000a3400000| Untracked 
|  23|0x00000000a3500000, 0x00000000a3500000, 0x00000000a3600000|  0%| F|  |TAMS 0x00000000a3500000, 0x00000000a3500000| Untracked 
|  24|0x00000000a3600000, 0x00000000a3600000, 0x00000000a3700000|  0%| F|  |TAMS 0x00000000a3600000, 0x00000000a3600000| Untracked 
|  25|0x00000000a3700000, 0x00000000a3700000, 0x00000000a3800000|  0%| F|  |TAMS 0x00000000a3700000, 0x00000000a3700000| Untracked 
|  26|0x00000000a3800000, 0x00000000a3800000, 0x00000000a3900000|  0%| F|  |TAMS 0x00000000a3800000, 0x00000000a3800000| Untracked 
|  27|0x00000000a3900000, 0x00000000a3900000, 0x00000000a3a00000|  0%| F|  |TAMS 0x00000000a3900000, 0x00000000a3900000| Untracked 
|  28|0x00000000a3a00000, 0x00000000a3a00000, 0x00000000a3b00000|  0%| F|  |TAMS 0x00000000a3a00000, 0x00000000a3a00000| Untracked 
|  29|0x00000000a3b00000, 0x00000000a3b00000, 0x00000000a3c00000|  0%| F|  |TAMS 0x00000000a3b00000, 0x00000000a3b00000| Untracked 
|  30|0x00000000a3c00000, 0x00000000a3c00000, 0x00000000a3d00000|  0%| F|  |TAMS 0x00000000a3c00000, 0x00000000a3c00000| Untracked 
|  31|0x00000000a3d00000, 0x00000000a3d00000, 0x00000000a3e00000|  0%| F|  |TAMS 0x00000000a3d00000, 0x00000000a3d00000| Untracked 
|  32|0x00000000a3e00000, 0x00000000a3e00000, 0x00000000a3f00000|  0%| F|  |TAMS 0x00000000a3e00000, 0x00000000a3e00000| Untracked 
|  33|0x00000000a3f00000, 0x00000000a3f00000, 0x00000000a4000000|  0%| F|  |TAMS 0x00000000a3f00000, 0x00000000a3f00000| Untracked 
|  34|0x00000000a4000000, 0x00000000a4000000, 0x00000000a4100000|  0%| F|  |TAMS 0x00000000a4000000, 0x00000000a4000000| Untracked 
|  35|0x00000000a4100000, 0x00000000a4100000, 0x00000000a4200000|  0%| F|  |TAMS 0x00000000a4100000, 0x00000000a4100000| Untracked 
|  36|0x00000000a4200000, 0x00000000a4200000, 0x00000000a4300000|  0%| F|  |TAMS 0x00000000a4200000, 0x00000000a4200000| Untracked 
|  37|0x00000000a4300000, 0x00000000a4300000, 0x00000000a4400000|  0%| F|  |TAMS 0x00000000a4300000, 0x00000000a4300000| Untracked 
|  38|0x00000000a4400000, 0x00000000a4400000, 0x00000000a4500000|  0%| F|  |TAMS 0x00000000a4400000, 0x00000000a4400000| Untracked 
|  39|0x00000000a4500000, 0x00000000a4500000, 0x00000000a4600000|  0%| F|  |TAMS 0x00000000a4500000, 0x00000000a4500000| Untracked 
|  40|0x00000000a4600000, 0x00000000a4600000, 0x00000000a4700000|  0%| F|  |TAMS 0x00000000a4600000, 0x00000000a4600000| Untracked 
|  41|0x00000000a4700000, 0x00000000a4700000, 0x00000000a4800000|  0%| F|  |TAMS 0x00000000a4700000, 0x00000000a4700000| Untracked 
|  42|0x00000000a4800000, 0x00000000a4800000, 0x00000000a4900000|  0%| F|  |TAMS 0x00000000a4800000, 0x00000000a4800000| Untracked 
|  43|0x00000000a4900000, 0x00000000a4900000, 0x00000000a4a00000|  0%| F|  |TAMS 0x00000000a4900000, 0x00000000a4900000| Untracked 
|  44|0x00000000a4a00000, 0x00000000a4a00000, 0x00000000a4b00000|  0%| F|  |TAMS 0x00000000a4a00000, 0x00000000a4a00000| Untracked 
|  45|0x00000000a4b00000, 0x00000000a4b00000, 0x00000000a4c00000|  0%| F|  |TAMS 0x00000000a4b00000, 0x00000000a4b00000| Untracked 
|  46|0x00000000a4c00000, 0x00000000a4c00000, 0x00000000a4d00000|  0%| F|  |TAMS 0x00000000a4c00000, 0x00000000a4c00000| Untracked 
|  47|0x00000000a4d00000, 0x00000000a4d00000, 0x00000000a4e00000|  0%| F|  |TAMS 0x00000000a4d00000, 0x00000000a4d00000| Untracked 
|  48|0x00000000a4e00000, 0x00000000a4e00000, 0x00000000a4f00000|  0%| F|  |TAMS 0x00000000a4e00000, 0x00000000a4e00000| Untracked 
|  49|0x00000000a4f00000, 0x00000000a4f00000, 0x00000000a5000000|  0%| F|  |TAMS 0x00000000a4f00000, 0x00000000a4f00000| Untracked 
|  50|0x00000000a5000000, 0x00000000a5000000, 0x00000000a5100000|  0%| F|  |TAMS 0x00000000a5000000, 0x00000000a5000000| Untracked 
|  51|0x00000000a5100000, 0x00000000a5100000, 0x00000000a5200000|  0%| F|  |TAMS 0x00000000a5100000, 0x00000000a5100000| Untracked 
|  52|0x00000000a5200000, 0x00000000a5200000, 0x00000000a5300000|  0%| F|  |TAMS 0x00000000a5200000, 0x00000000a5200000| Untracked 
|  53|0x00000000a5300000, 0x00000000a5300000, 0x00000000a5400000|  0%| F|  |TAMS 0x00000000a5300000, 0x00000000a5300000| Untracked 
|  54|0x00000000a5400000, 0x00000000a5400000, 0x00000000a5500000|  0%| F|  |TAMS 0x00000000a5400000, 0x00000000a5400000| Untracked 
|  55|0x00000000a5500000, 0x00000000a5500000, 0x00000000a5600000|  0%| F|  |TAMS 0x00000000a5500000, 0x00000000a5500000| Untracked 
|  56|0x00000000a5600000, 0x00000000a5600000, 0x00000000a5700000|  0%| F|  |TAMS 0x00000000a5600000, 0x00000000a5600000| Untracked 
|  57|0x00000000a5700000, 0x00000000a5700000, 0x00000000a5800000|  0%| F|  |TAMS 0x00000000a5700000, 0x00000000a5700000| Untracked 
|  58|0x00000000a5800000, 0x00000000a5800000, 0x00000000a5900000|  0%| F|  |TAMS 0x00000000a5800000, 0x00000000a5800000| Untracked 
|  59|0x00000000a5900000, 0x00000000a5900000, 0x00000000a5a00000|  0%| F|  |TAMS 0x00000000a5900000, 0x00000000a5900000| Untracked 
|  60|0x00000000a5a00000, 0x00000000a5a00000, 0x00000000a5b00000|  0%| F|  |TAMS 0x00000000a5a00000, 0x00000000a5a00000| Untracked 
|  61|0x00000000a5b00000, 0x00000000a5b00000, 0x00000000a5c00000|  0%| F|  |TAMS 0x00000000a5b00000, 0x00000000a5b00000| Untracked 
|  62|0x00000000a5c00000, 0x00000000a5c00000, 0x00000000a5d00000|  0%| F|  |TAMS 0x00000000a5c00000, 0x00000000a5c00000| Untracked 
|  63|0x00000000a5d00000, 0x00000000a5d00000, 0x00000000a5e00000|  0%| F|  |TAMS 0x00000000a5d00000, 0x00000000a5d00000| Untracked 
|  64|0x00000000a5e00000, 0x00000000a5e00000, 0x00000000a5f00000|  0%| F|  |TAMS 0x00000000a5e00000, 0x00000000a5e00000| Untracked 
|  65|0x00000000a5f00000, 0x00000000a5f00000, 0x00000000a6000000|  0%| F|  |TAMS 0x00000000a5f00000, 0x00000000a5f00000| Untracked 
|  66|0x00000000a6000000, 0x00000000a6000000, 0x00000000a6100000|  0%| F|  |TAMS 0x00000000a6000000, 0x00000000a6000000| Untracked 
|  67|0x00000000a6100000, 0x00000000a6100000, 0x00000000a6200000|  0%| F|  |TAMS 0x00000000a6100000, 0x00000000a6100000| Untracked 
|  68|0x00000000a6200000, 0x00000000a6200000, 0x00000000a6300000|  0%| F|  |TAMS 0x00000000a6200000, 0x00000000a6200000| Untracked 
|  69|0x00000000a6300000, 0x00000000a6300000, 0x00000000a6400000|  0%| F|  |TAMS 0x00000000a6300000, 0x00000000a6300000| Untracked 
|  70|0x00000000a6400000, 0x00000000a6400000, 0x00000000a6500000|  0%| F|  |TAMS 0x00000000a6400000, 0x00000000a6400000| Untracked 
|  71|0x00000000a6500000, 0x00000000a6500000, 0x00000000a6600000|  0%| F|  |TAMS 0x00000000a6500000, 0x00000000a6500000| Untracked 
|  72|0x00000000a6600000, 0x00000000a6600000, 0x00000000a6700000|  0%| F|  |TAMS 0x00000000a6600000, 0x00000000a6600000| Untracked 
|  73|0x00000000a6700000, 0x00000000a6700000, 0x00000000a6800000|  0%| F|  |TAMS 0x00000000a6700000, 0x00000000a6700000| Untracked 
|  74|0x00000000a6800000, 0x00000000a6800000, 0x00000000a6900000|  0%| F|  |TAMS 0x00000000a6800000, 0x00000000a6800000| Untracked 
|  75|0x00000000a6900000, 0x00000000a6900000, 0x00000000a6a00000|  0%| F|  |TAMS 0x00000000a6900000, 0x00000000a6900000| Untracked 
|  76|0x00000000a6a00000, 0x00000000a6a00000, 0x00000000a6b00000|  0%| F|  |TAMS 0x00000000a6a00000, 0x00000000a6a00000| Untracked 
|  77|0x00000000a6b00000, 0x00000000a6b00000, 0x00000000a6c00000|  0%| F|  |TAMS 0x00000000a6b00000, 0x00000000a6b00000| Untracked 
|  78|0x00000000a6c00000, 0x00000000a6c08db8, 0x00000000a6d00000|  3%| E|  |TAMS 0x00000000a6c00000, 0x00000000a6c00000| Complete 
| 141|0x00000000aab00000, 0x00000000aac00000, 0x00000000aac00000|100%|HS|  |TAMS 0x00000000aac00000, 0x00000000aab00000| Untracked 
| 214|0x00000000af400000, 0x00000000af500000, 0x00000000af500000|100%| O|  |TAMS 0x00000000af500000, 0x00000000af400000| Untracked 
| 215|0x00000000af500000, 0x00000000af600000, 0x00000000af600000|100%| O|  |TAMS 0x00000000af600000, 0x00000000af500000| Untracked 
| 216|0x00000000af600000, 0x00000000af700000, 0x00000000af700000|100%| O|  |TAMS 0x00000000af700000, 0x00000000af600000| Untracked 
| 217|0x00000000af700000, 0x00000000af800000, 0x00000000af800000|100%| O|  |TAMS 0x00000000af800000, 0x00000000af700000| Untracked 

Card table byte_map: [0x0000026564f50000,0x0000026565250000] _byte_map_base: 0x0000026564a41000

Marking Bits (Prev, Next): (CMBitMap*) 0x000002655ef0dd40, (CMBitMap*) 0x000002655ef0dd80
 Prev Bits: [0x0000026565550000, 0x0000026566cd8000)
 Next Bits: [0x0000026566ce0000, 0x0000026568468000)

Polling page: 0x000002655e690000

Metaspace:

Usage:
  Non-class:     43.36 MB used.
      Class:      6.48 MB used.
       Both:     49.84 MB used.

Virtual space:
  Non-class space:       48.00 MB reserved,      43.69 MB ( 91%) committed,  6 nodes.
      Class space:        1.00 GB reserved,       6.69 MB ( <1%) committed,  1 nodes.
             Both:        1.05 GB reserved,      50.38 MB (  5%) committed. 

Chunk freelists:
   Non-Class:  308.00 KB
       Class:  1.38 MB
        Both:  1.68 MB

MaxMetaspaceSize: unlimited
CompressedClassSpaceSize: 1.00 GB
Initial GC threshold: 21.00 MB
Current GC threshold: 84.00 MB
CDS: off
MetaspaceReclaimPolicy: balanced
 - commit_granule_bytes: 65536.
 - commit_granule_words: 8192.
 - virtual_space_node_default_size: 1048576.
 - enlarge_chunks_in_place: 1.
 - new_chunks_are_fully_committed: 0.
 - uncommit_free_chunks: 1.
 - use_allocation_guard: 0.
 - handle_deallocations: 1.


Internal statistics:

num_allocs_failed_limit: 3.
num_arena_births: 452.
num_arena_deaths: 134.
num_vsnodes_births: 7.
num_vsnodes_deaths: 0.
num_space_committed: 806.
num_space_uncommitted: 0.
num_chunks_returned_to_freelist: 155.
num_chunks_taken_from_freelist: 2019.
num_chunk_merges: 51.
num_chunk_splits: 1468.
num_chunks_enlarged: 1183.
num_purges: 4.
num_inconsistent_stats: 0.

CodeCache: size=49152Kb used=11755Kb max_used=11755Kb free=37396Kb
 bounds [0x0000026561b40000, 0x00000265626c0000, 0x0000026564b40000]
 total_blobs=6760 nmethods=6151 adapters=535
 compilation: enabled
              stopped_count=0, restarted_count=0
 full_count=0

Compilation events (20 events):
Event: 2920.661 Thread 0x000002656b90e500 6141       1       java.lang.ProcessHandleImpl::<init> (27 bytes)
Event: 2920.851 Thread 0x000002656b90e500 nmethod 6141 0x00000265626b6b90 code [0x00000265626b6d20, 0x00000265626b6e18]
Event: 2921.459 Thread 0x000002656b90e500 6142   !   1       java.io.FileOutputStream::close (69 bytes)
Event: 2923.080 Thread 0x000002656b90e500 nmethod 6142 0x00000265626b6e90 code [0x00000265626b7060, 0x00000265626b73d8]
Event: 2931.599 Thread 0x000002656b90e500 6145       1       java.lang.Runtime::exec (73 bytes)
Event: 2931.612 Thread 0x000002656b90e500 nmethod 6145 0x00000265626b7510 code [0x00000265626b7720, 0x00000265626b7cb8]
Event: 2931.612 Thread 0x000002656b90e500 6146       1       java.lang.Runtime::exec (20 bytes)
Event: 2931.612 Thread 0x000002656b90e500 nmethod 6146 0x00000265626b8010 code [0x00000265626b81c0, 0x00000265626b83a8]
Event: 2931.612 Thread 0x000002656b90e500 6147       1       java.lang.ProcessBuilder::environment (147 bytes)
Event: 2931.639 Thread 0x000002656b90e500 nmethod 6147 0x00000265626b8510 code [0x00000265626b8760, 0x00000265626b8ca8]
Event: 2931.640 Thread 0x000002656b90e500 6152       1       java.lang.invoke.LambdaForm$DMH/0x00000001006a1c00::newInvokeSpecial (23 bytes)
Event: 2931.653 Thread 0x000002656b90e500 nmethod 6152 0x00000265626b9090 code [0x00000265626b9240, 0x00000265626b93c8]
Event: 2931.653 Thread 0x000002656b90e500 6153       1       java.lang.ProcessImpl$$Lambda$680/0x00000001005ee6f8::<init> (10 bytes)
Event: 2931.654 Thread 0x000002656b90e500 nmethod 6153 0x00000265626b9510 code [0x00000265626b96a0, 0x00000265626b9778]
Event: 2932.138 Thread 0x000002656b90e500 6154   !   1       java.io.FilterOutputStream::close (183 bytes)
Event: 2932.204 Thread 0x000002656b90e500 nmethod 6154 0x00000265626ba010 code [0x00000265626ba220, 0x00000265626ba6f8]
Event: 2932.204 Thread 0x000002656b90e500 6156       1       java.lang.ProcessImpl$$Lambda$680/0x00000001005ee6f8::run (8 bytes)
Event: 2932.204 Thread 0x000002656b90e500 nmethod 6156 0x00000265626ba990 code [0x00000265626bab20, 0x00000265626bac08]
Event: 2932.204 Thread 0x000002656b90e500 6157       1       java.lang.ProcessImpl::lambda$new$0 (6 bytes)
Event: 2932.204 Thread 0x000002656b90e500 nmethod 6157 0x00000265626bac90 code [0x00000265626bae20, 0x00000265626baee8]

GC Heap History (20 events):
Event: 3397.505 GC heap before
{Heap before GC invocations=337 (full 297):
 garbage-first heap   total 86016K, used 25093K [0x00000000a1e00000, 0x0000000100000000)
  region size 1024K, 1 young (1024K), 0 survivors (0K)
 Metaspace       used 51036K, committed 51584K, reserved 1097728K
  class space    used 6631K, committed 6848K, reserved 1048576K
}
Event: 3397.564 GC heap after
{Heap after GC invocations=338 (full 298):
 garbage-first heap   total 86016K, used 25093K [0x00000000a1e00000, 0x0000000100000000)
  region size 1024K, 0 young (0K), 0 survivors (0K)
 Metaspace       used 51036K, committed 51584K, reserved 1097728K
  class space    used 6631K, committed 6848K, reserved 1048576K
}
Event: 3408.391 GC heap before
{Heap before GC invocations=338 (full 298):
 garbage-first heap   total 86016K, used 25093K [0x00000000a1e00000, 0x0000000100000000)
  region size 1024K, 1 young (1024K), 0 survivors (0K)
 Metaspace       used 51036K, committed 51584K, reserved 1097728K
  class space    used 6631K, committed 6848K, reserved 1048576K
}
Event: 3408.473 GC heap after
{Heap after GC invocations=339 (full 299):
 garbage-first heap   total 86016K, used 25093K [0x00000000a1e00000, 0x0000000100000000)
  region size 1024K, 0 young (0K), 0 survivors (0K)
 Metaspace       used 51036K, committed 51584K, reserved 1097728K
  class space    used 6631K, committed 6848K, reserved 1048576K
}
Event: 3419.668 GC heap before
{Heap before GC invocations=339 (full 299):
 garbage-first heap   total 86016K, used 25093K [0x00000000a1e00000, 0x0000000100000000)
  region size 1024K, 1 young (1024K), 0 survivors (0K)
 Metaspace       used 51036K, committed 51584K, reserved 1097728K
  class space    used 6631K, committed 6848K, reserved 1048576K
}
Event: 3419.738 GC heap after
{Heap after GC invocations=340 (full 300):
 garbage-first heap   total 86016K, used 25093K [0x00000000a1e00000, 0x0000000100000000)
  region size 1024K, 0 young (0K), 0 survivors (0K)
 Metaspace       used 51036K, committed 51584K, reserved 1097728K
  class space    used 6631K, committed 6848K, reserved 1048576K
}
Event: 3432.282 GC heap before
{Heap before GC invocations=340 (full 300):
 garbage-first heap   total 86016K, used 25093K [0x00000000a1e00000, 0x0000000100000000)
  region size 1024K, 1 young (1024K), 0 survivors (0K)
 Metaspace       used 51036K, committed 51584K, reserved 1097728K
  class space    used 6631K, committed 6848K, reserved 1048576K
}
Event: 3432.446 GC heap after
{Heap after GC invocations=341 (full 301):
 garbage-first heap   total 86016K, used 25093K [0x00000000a1e00000, 0x0000000100000000)
  region size 1024K, 0 young (0K), 0 survivors (0K)
 Metaspace       used 51036K, committed 51584K, reserved 1097728K
  class space    used 6631K, committed 6848K, reserved 1048576K
}
Event: 3443.718 GC heap before
{Heap before GC invocations=341 (full 301):
 garbage-first heap   total 86016K, used 25093K [0x00000000a1e00000, 0x0000000100000000)
  region size 1024K, 1 young (1024K), 0 survivors (0K)
 Metaspace       used 51036K, committed 51584K, reserved 1097728K
  class space    used 6631K, committed 6848K, reserved 1048576K
}
Event: 3444.122 GC heap after
{Heap after GC invocations=342 (full 302):
 garbage-first heap   total 86016K, used 25093K [0x00000000a1e00000, 0x0000000100000000)
  region size 1024K, 0 young (0K), 0 survivors (0K)
 Metaspace       used 51036K, committed 51584K, reserved 1097728K
  class space    used 6631K, committed 6848K, reserved 1048576K
}
Event: 3454.702 GC heap before
{Heap before GC invocations=342 (full 302):
 garbage-first heap   total 86016K, used 25093K [0x00000000a1e00000, 0x0000000100000000)
  region size 1024K, 1 young (1024K), 0 survivors (0K)
 Metaspace       used 51036K, committed 51584K, reserved 1097728K
  class space    used 6631K, committed 6848K, reserved 1048576K
}
Event: 3454.769 GC heap after
{Heap after GC invocations=343 (full 303):
 garbage-first heap   total 86016K, used 25093K [0x00000000a1e00000, 0x0000000100000000)
  region size 1024K, 0 young (0K), 0 survivors (0K)
 Metaspace       used 51036K, committed 51584K, reserved 1097728K
  class space    used 6631K, committed 6848K, reserved 1048576K
}
Event: 3465.319 GC heap before
{Heap before GC invocations=343 (full 303):
 garbage-first heap   total 86016K, used 25093K [0x00000000a1e00000, 0x0000000100000000)
  region size 1024K, 1 young (1024K), 0 survivors (0K)
 Metaspace       used 51036K, committed 51584K, reserved 1097728K
  class space    used 6631K, committed 6848K, reserved 1048576K
}
Event: 3465.388 GC heap after
{Heap after GC invocations=344 (full 304):
 garbage-first heap   total 86016K, used 25093K [0x00000000a1e00000, 0x0000000100000000)
  region size 1024K, 0 young (0K), 0 survivors (0K)
 Metaspace       used 51036K, committed 51584K, reserved 1097728K
  class space    used 6631K, committed 6848K, reserved 1048576K
}
Event: 3476.057 GC heap before
{Heap before GC invocations=344 (full 304):
 garbage-first heap   total 86016K, used 25093K [0x00000000a1e00000, 0x0000000100000000)
  region size 1024K, 1 young (1024K), 0 survivors (0K)
 Metaspace       used 51036K, committed 51584K, reserved 1097728K
  class space    used 6631K, committed 6848K, reserved 1048576K
}
Event: 3476.119 GC heap after
{Heap after GC invocations=345 (full 305):
 garbage-first heap   total 86016K, used 25093K [0x00000000a1e00000, 0x0000000100000000)
  region size 1024K, 0 young (0K), 0 survivors (0K)
 Metaspace       used 51036K, committed 51584K, reserved 1097728K
  class space    used 6631K, committed 6848K, reserved 1048576K
}
Event: 3487.261 GC heap before
{Heap before GC invocations=345 (full 305):
 garbage-first heap   total 86016K, used 25093K [0x00000000a1e00000, 0x0000000100000000)
  region size 1024K, 1 young (1024K), 0 survivors (0K)
 Metaspace       used 51036K, committed 51584K, reserved 1097728K
  class space    used 6631K, committed 6848K, reserved 1048576K
}
Event: 3487.353 GC heap after
{Heap after GC invocations=346 (full 306):
 garbage-first heap   total 86016K, used 25093K [0x00000000a1e00000, 0x0000000100000000)
  region size 1024K, 0 young (0K), 0 survivors (0K)
 Metaspace       used 51036K, committed 51584K, reserved 1097728K
  class space    used 6631K, committed 6848K, reserved 1048576K
}
Event: 3498.314 GC heap before
{Heap before GC invocations=346 (full 306):
 garbage-first heap   total 86016K, used 25093K [0x00000000a1e00000, 0x0000000100000000)
  region size 1024K, 1 young (1024K), 0 survivors (0K)
 Metaspace       used 51036K, committed 51584K, reserved 1097728K
  class space    used 6631K, committed 6848K, reserved 1048576K
}
Event: 3498.377 GC heap after
{Heap after GC invocations=347 (full 307):
 garbage-first heap   total 86016K, used 25093K [0x00000000a1e00000, 0x0000000100000000)
  region size 1024K, 0 young (0K), 0 survivors (0K)
 Metaspace       used 51036K, committed 51584K, reserved 1097728K
  class space    used 6631K, committed 6848K, reserved 1048576K
}

Deoptimization events (20 events):
Event: 21.995 Thread 0x000002656d8ec500 DEOPT PACKING pc=0x0000026561ed3601 sp=0x0000008db61ff0f0
Event: 21.995 Thread 0x000002656d8ec500 DEOPT UNPACKING pc=0x0000026561b92b43 sp=0x0000008db61fe580 mode 3
Event: 22.589 Thread 0x000002656d909690 DEOPT PACKING pc=0x00000265621ab335 sp=0x0000008db6efdb90
Event: 22.589 Thread 0x000002656d909690 DEOPT UNPACKING pc=0x0000026561b92b43 sp=0x0000008db6efd0b8 mode 3
Event: 25.143 Thread 0x000002656c11d030 DEOPT PACKING pc=0x0000026561f19617 sp=0x0000008db5ffefb0
Event: 25.143 Thread 0x000002656c11d030 DEOPT UNPACKING pc=0x0000026561b92b43 sp=0x0000008db5ffe408 mode 3
Event: 35.264 Thread 0x000002656d72e020 DEOPT PACKING pc=0x0000026561eb7552 sp=0x0000008db5afca10
Event: 35.264 Thread 0x000002656d72e020 DEOPT UNPACKING pc=0x0000026561b92b43 sp=0x0000008db5afbf18 mode 3
Event: 40.583 Thread 0x000002656d909690 DEOPT PACKING pc=0x0000026561ff5ab4 sp=0x0000008db6ef8a60
Event: 40.583 Thread 0x000002656d909690 DEOPT UNPACKING pc=0x0000026561b92b43 sp=0x0000008db6ef7ee0 mode 3
Event: 45.117 Thread 0x000002656d90bd10 DEOPT PACKING pc=0x00000265625b7dea sp=0x0000008db70fd590
Event: 45.117 Thread 0x000002656d90bd10 DEOPT UNPACKING pc=0x0000026561b92b43 sp=0x0000008db70fca50 mode 3
Event: 45.197 Thread 0x000002656d90a500 DEOPT PACKING pc=0x00000265625e4470 sp=0x0000008db61fdd30
Event: 45.197 Thread 0x000002656d90a500 DEOPT UNPACKING pc=0x0000026561b92b43 sp=0x0000008db61fd228 mode 3
Event: 45.235 Thread 0x000002656d90a500 DEOPT PACKING pc=0x00000265625edd5b sp=0x0000008db61fdc00
Event: 45.235 Thread 0x000002656d90a500 DEOPT UNPACKING pc=0x0000026561b92b43 sp=0x0000008db61fd098 mode 3
Event: 45.562 Thread 0x000002656d90a500 DEOPT PACKING pc=0x000002656262e114 sp=0x0000008db61fe000
Event: 45.562 Thread 0x000002656d90a500 DEOPT UNPACKING pc=0x0000026561b92b43 sp=0x0000008db61fd4b8 mode 3
Event: 90.150 Thread 0x000002656d90e860 DEOPT PACKING pc=0x0000026561ff4454 sp=0x0000008db6dff1c0
Event: 90.153 Thread 0x000002656d90e860 DEOPT UNPACKING pc=0x0000026561b92b43 sp=0x0000008db6dfe668 mode 0

Classes unloaded (20 events):
Event: 137.337 Thread 0x000002656af07c70 Unloading class 0x0000000100342000 'java/lang/invoke/LambdaForm$MH+0x0000000100342000'
Event: 137.337 Thread 0x000002656af07c70 Unloading class 0x0000000100341c00 'java/lang/invoke/LambdaForm$MH+0x0000000100341c00'
Event: 137.337 Thread 0x000002656af07c70 Unloading class 0x0000000100341800 'java/lang/invoke/LambdaForm$MH+0x0000000100341800'
Event: 137.337 Thread 0x000002656af07c70 Unloading class 0x0000000100341400 'java/lang/invoke/LambdaForm$MH+0x0000000100341400'
Event: 137.338 Thread 0x000002656af07c70 Unloading class 0x0000000100340c00 'java/lang/invoke/LambdaForm$DMH+0x0000000100340c00'
Event: 137.338 Thread 0x000002656af07c70 Unloading class 0x0000000100340400 'java/lang/invoke/LambdaForm$DMH+0x0000000100340400'
Event: 137.338 Thread 0x000002656af07c70 Unloading class 0x00000001001a6800 'java/lang/invoke/LambdaForm$MH+0x00000001001a6800'
Event: 137.338 Thread 0x000002656af07c70 Unloading class 0x00000001001a6400 'java/lang/invoke/LambdaForm$MH+0x00000001001a6400'
Event: 137.338 Thread 0x000002656af07c70 Unloading class 0x00000001001a6000 'java/lang/invoke/LambdaForm$MH+0x00000001001a6000'
Event: 137.338 Thread 0x000002656af07c70 Unloading class 0x00000001001a5c00 'java/lang/invoke/LambdaForm$MH+0x00000001001a5c00'
Event: 137.338 Thread 0x000002656af07c70 Unloading class 0x00000001001a5800 'java/lang/invoke/LambdaForm$MH+0x00000001001a5800'
Event: 137.339 Thread 0x000002656af07c70 Unloading class 0x00000001001a5000 'java/lang/invoke/LambdaForm$MH+0x00000001001a5000'
Event: 137.339 Thread 0x000002656af07c70 Unloading class 0x00000001000d6800 'java/lang/invoke/LambdaForm$MH+0x00000001000d6800'
Event: 137.339 Thread 0x000002656af07c70 Unloading class 0x00000001000d6000 'java/lang/invoke/LambdaForm$MH+0x00000001000d6000'
Event: 137.339 Thread 0x000002656af07c70 Unloading class 0x00000001000d5c00 'java/lang/invoke/LambdaForm$MH+0x00000001000d5c00'
Event: 137.339 Thread 0x000002656af07c70 Unloading class 0x00000001000d5800 'java/lang/invoke/LambdaForm$MH+0x00000001000d5800'
Event: 137.339 Thread 0x000002656af07c70 Unloading class 0x00000001000d5000 'java/lang/invoke/LambdaForm$MH+0x00000001000d5000'
Event: 137.340 Thread 0x000002656af07c70 Unloading class 0x00000001000d4c00 'java/lang/invoke/LambdaForm$MH+0x00000001000d4c00'
Event: 137.340 Thread 0x000002656af07c70 Unloading class 0x00000001000d4800 'java/lang/invoke/LambdaForm$MH+0x00000001000d4800'
Event: 137.340 Thread 0x000002656af07c70 Unloading class 0x00000001000d4000 'java/lang/invoke/LambdaForm$MH+0x00000001000d4000'

Classes redefined (0 events):
No events

Internal exceptions (20 events):
Event: 34.538 Thread 0x000002656d72e020 Exception <a 'java/lang/NoSuchMethodError'{0x00000000b2358a20}: 'void java.lang.invoke.DirectMethodHandle$Holder.invokeStatic(java.lang.Object, java.lang.Object, java.lang.Object, java.lang.Object, java.lang.Object, java.lang.Object)'> (0x00000000b2358a20) 
thrown [e:\jenkins\tmp\workspace\build\src\src\hotspot\share\interpreter\linkResolver.cpp, line 766]
Event: 40.494 Thread 0x000002656d90e860 Exception <a 'java/lang/NullPointerException'{0x00000000b2d44810}> (0x00000000b2d44810) 
thrown [e:\jenkins\tmp\workspace\build\src\src\hotspot\share\interpreter\linkResolver.cpp, line 1357]
Event: 43.984 Thread 0x000002656d909690 Exception <a 'java/lang/NoSuchMethodError'{0x00000000b0d92b50}: 'java.lang.Object java.lang.invoke.DirectMethodHandle$Holder.newInvokeSpecial(java.lang.Object, java.lang.Object, int)'> (0x00000000b0d92b50) 
thrown [e:\jenkins\tmp\workspace\build\src\src\hotspot\share\interpreter\linkResolver.cpp, line 766]
Event: 43.994 Thread 0x000002656d90ed30 Exception <a 'java/lang/NoSuchMethodError'{0x00000000b1855f58}: 'java.lang.Object java.lang.invoke.DirectMethodHandle$Holder.invokeSpecial(java.lang.Object, java.lang.Object, java.lang.Object, int, java.lang.Object, java.lang.Object, java.lang.Object, java.lang.Object)'> (0x00000000b1855f58) 
thrown [e:\jenkins\tmp\workspace\build\src\src\hotspot\share\interpreter\linkResolver.cpp, line 766]
Event: 43.994 Thread 0x000002656d90f6d0 Exception <a 'java/lang/NoSuchMethodError'{0x00000000b11c7220}: 'java.lang.Object java.lang.invoke.DirectMethodHandle$Holder.invokeSpecial(java.lang.Object, java.lang.Object, java.lang.Object, int, java.lang.Object, java.lang.Object, java.lang.Object, java.lang.Object)'> (0x00000000b11c7220) 
thrown [e:\jenkins\tmp\workspace\build\src\src\hotspot\share\interpreter\linkResolver.cpp, line 766]
Event: 43.994 Thread 0x000002656d90a9d0 Exception <a 'java/lang/NoSuchMethodError'{0x00000000b1102ff8}: 'java.lang.Object java.lang.invoke.DirectMethodHandle$Holder.invokeSpecial(java.lang.Object, java.lang.Object, java.lang.Object, int, java.lang.Object, java.lang.Object, java.lang.Object, java.lang.Object)'> (0x00000000b1102ff8) 
thrown [e:\jenkins\tmp\workspace\build\src\src\hotspot\share\interpreter\linkResolver.cpp, line 766]
Event: 43.997 Thread 0x000002656d90f6d0 Exception <a 'java/lang/NoSuchMethodError'{0x00000000b11d9648}: 'java.lang.Object java.lang.invoke.Invokers$Holder.linkToTargetMethod(java.lang.Object, java.lang.Object, int, java.lang.Object, java.lang.Object, java.lang.Object, java.lang.Object)'> (0x00000000b11d9648) 
thrown [e:\jenkins\tmp\workspace\build\src\src\hotspot\share\interpreter\linkResolver.cpp, line 766]
Event: 43.997 Thread 0x000002656d90ed30 Exception <a 'java/lang/NoSuchMethodError'{0x00000000b0dee140}: 'java.lang.Object java.lang.invoke.Invokers$Holder.linkToTargetMethod(java.lang.Object, java.lang.Object, int, java.lang.Object, java.lang.Object, java.lang.Object, java.lang.Object)'> (0x00000000b0dee140) 
thrown [e:\jenkins\tmp\workspace\build\src\src\hotspot\share\interpreter\linkResolver.cpp, line 766]
Event: 43.997 Thread 0x000002656d90a9d0 Exception <a 'java/lang/NoSuchMethodError'{0x00000000b0df6a50}: 'java.lang.Object java.lang.invoke.Invokers$Holder.linkToTargetMethod(java.lang.Object, java.lang.Object, int, java.lang.Object, java.lang.Object, java.lang.Object, java.lang.Object)'> (0x00000000b0df6a50) 
thrown [e:\jenkins\tmp\workspace\build\src\src\hotspot\share\interpreter\linkResolver.cpp, line 766]
Event: 44.045 Thread 0x000002656d90a500 Exception <a 'java/lang/NoSuchMethodError'{0x00000000b0b2bf28}: 'java.lang.Object java.lang.invoke.Invokers$Holder.linkToTargetMethod(java.lang.Object, long, java.lang.Object)'> (0x00000000b0b2bf28) 
thrown [e:\jenkins\tmp\workspace\build\src\src\hotspot\share\interpreter\linkResolver.cpp, line 766]
Event: 44.873 Thread 0x000002656d90a500 Exception <a 'java/lang/IncompatibleClassChangeError'{0x00000000afcb48b8}: Found class java.lang.Object, but interface was expected> (0x00000000afcb48b8) 
thrown [e:\jenkins\tmp\workspace\build\src\src\hotspot\share\interpreter\linkResolver.cpp, line 833]
Event: 44.873 Thread 0x000002656d90bd10 Exception <a 'java/lang/IncompatibleClassChangeError'{0x00000000afc76b40}: Found class java.lang.Object, but interface was expected> (0x00000000afc76b40) 
thrown [e:\jenkins\tmp\workspace\build\src\src\hotspot\share\interpreter\linkResolver.cpp, line 833]
Event: 45.116 Thread 0x000002656d90bd10 Implicit null exception at 0x00000265625b7ca4 to 0x00000265625b7de5
Event: 45.197 Thread 0x000002656d90a500 Implicit null exception at 0x00000265625e4254 to 0x00000265625e446b
Event: 45.562 Thread 0x000002656d90a500 Implicit null exception at 0x000002656262e008 to 0x000002656262e10f
Event: 82.401 Thread 0x000002656c11e7f0 Exception <a 'java/lang/NoSuchMethodError'{0x00000000b23a6238}: 'void java.lang.invoke.DirectMethodHandle$Holder.invokeStatic(java.lang.Object, long)'> (0x00000000b23a6238) 
thrown [e:\jenkins\tmp\workspace\build\src\src\hotspot\share\interpreter\linkResolver.cpp, line 766]
Event: 82.518 Thread 0x000002656c11e7f0 Exception <a 'java/lang/NoSuchMethodError'{0x00000000b23ab5e0}: 'java.lang.Object java.lang.invoke.DirectMethodHandle$Holder.newInvokeSpecial(java.lang.Object, long)'> (0x00000000b23ab5e0) 
thrown [e:\jenkins\tmp\workspace\build\src\src\hotspot\share\interpreter\linkResolver.cpp, line 766]
Event: 82.551 Thread 0x000002656c11e7f0 Exception <a 'java/lang/NoSuchMethodError'{0x00000000b23b1e70}: 'java.lang.Object java.lang.invoke.DirectMethodHandle$Holder.invokeStatic(java.lang.Object, java.lang.Object, long, java.lang.Object)'> (0x00000000b23b1e70) 
thrown [e:\jenkins\tmp\workspace\build\src\src\hotspot\share\interpreter\linkResolver.cpp, line 766]
Event: 82.552 Thread 0x000002656c11e7f0 Exception <a 'java/lang/NoSuchMethodError'{0x00000000b23b5648}: 'java.lang.Object java.lang.invoke.DirectMethodHandle$Holder.invokeStaticInit(java.lang.Object, java.lang.Object, long, java.lang.Object)'> (0x00000000b23b5648) 
thrown [e:\jenkins\tmp\workspace\build\src\src\hotspot\share\interpreter\linkResolver.cpp, line 766]
Event: 82.554 Thread 0x000002656c11e7f0 Exception <a 'java/lang/NoSuchMethodError'{0x00000000b23bb978}: 'java.lang.Object java.lang.invoke.DirectMethodHandle$Holder.newInvokeSpecial(java.lang.Object, java.lang.Object, long)'> (0x00000000b23bb978) 
thrown [e:\jenkins\tmp\workspace\build\src\src\hotspot\share\interpreter\linkResolver.cpp, line 766]

VM Operations (20 events):
Event: 3397.564 Executing VM operation: G1CollectFull done
Event: 3408.391 Executing VM operation: G1CollectFull
Event: 3408.473 Executing VM operation: G1CollectFull done
Event: 3419.665 Executing VM operation: G1CollectFull
Event: 3419.739 Executing VM operation: G1CollectFull done
Event: 3432.281 Executing VM operation: G1CollectFull
Event: 3432.447 Executing VM operation: G1CollectFull done
Event: 3443.717 Executing VM operation: G1CollectFull
Event: 3444.122 Executing VM operation: G1CollectFull done
Event: 3454.701 Executing VM operation: G1CollectFull
Event: 3454.769 Executing VM operation: G1CollectFull done
Event: 3465.319 Executing VM operation: G1CollectFull
Event: 3465.388 Executing VM operation: G1CollectFull done
Event: 3476.057 Executing VM operation: G1CollectFull
Event: 3476.120 Executing VM operation: G1CollectFull done
Event: 3487.260 Executing VM operation: G1CollectFull
Event: 3487.354 Executing VM operation: G1CollectFull done
Event: 3498.313 Executing VM operation: G1CollectFull
Event: 3498.378 Executing VM operation: G1CollectFull done
Event: 3508.676 Executing VM operation: G1CollectFull

Events (20 events):
Event: 82.108 loading class java/lang/ProcessBuilder
Event: 82.212 loading class java/lang/ProcessBuilder done
Event: 82.213 loading class java/lang/ProcessImpl
Event: 82.250 loading class java/lang/Process
Event: 82.328 loading class java/lang/Process done
Event: 82.328 loading class java/lang/ProcessImpl done
Event: 82.537 loading class java/lang/ProcessHandleImpl
Event: 82.540 loading class java/lang/ProcessHandle
Event: 82.541 loading class java/lang/ProcessHandle done
Event: 82.541 loading class java/lang/ProcessHandleImpl done
Event: 82.556 loading class java/lang/ProcessImpl$2
Event: 82.557 loading class java/lang/ProcessImpl$2 done
Event: 82.559 loading class java/lang/Process$PipeInputStream
Event: 82.560 loading class java/lang/Process$PipeInputStream done
Event: 82.614 loading class jdk/internal/event/ProcessStartEvent
Event: 82.616 loading class jdk/internal/event/ProcessStartEvent done
Event: 96.242 Thread 0x000002656d72e020 Thread exited: 0x000002656d72e020
Event: 105.505 Thread 0x000002656d90ed30 Thread exited: 0x000002656d90ed30
Event: 105.505 Thread 0x000002656d90a9d0 Thread exited: 0x000002656d90a9d0
Event: 150.223 Thread 0x000002656d90f6d0 Thread exited: 0x000002656d90f6d0


Dynamic libraries:
0x00007ff6f3330000 - 0x00007ff6f333e000 	c:\Users\muham\.vscode\extensions\redhat.java-1.9.0-win32-x64\jre\17.0.3-win32-x86_64\bin\java.exe
0x00007ff9f3e20000 - 0x00007ff9f4029000 	C:\Windows\SYSTEM32\ntdll.dll
0x00007ff9f3000000 - 0x00007ff9f30bd000 	C:\Windows\System32\KERNEL32.DLL
0x00007ff9f1370000 - 0x00007ff9f16e9000 	C:\Windows\System32\KERNELBASE.dll
0x00007ff9f19b0000 - 0x00007ff9f1ac1000 	C:\Windows\System32\ucrtbase.dll
0x00007ff9d3d10000 - 0x00007ff9d3d29000 	c:\Users\muham\.vscode\extensions\redhat.java-1.9.0-win32-x64\jre\17.0.3-win32-x86_64\bin\VCRUNTIME140.dll
0x00007ff9dcaf0000 - 0x00007ff9dcb08000 	c:\Users\muham\.vscode\extensions\redhat.java-1.9.0-win32-x64\jre\17.0.3-win32-x86_64\bin\jli.dll
0x00007ff9f29c0000 - 0x00007ff9f2b6c000 	C:\Windows\System32\USER32.dll
0x00007ff9f16f0000 - 0x00007ff9f1716000 	C:\Windows\System32\win32u.dll
0x00007ff9f1d30000 - 0x00007ff9f1d59000 	C:\Windows\System32\GDI32.dll
0x00007ff9f1b90000 - 0x00007ff9f1ca2000 	C:\Windows\System32\gdi32full.dll
0x00007ff9f17a0000 - 0x00007ff9f183d000 	C:\Windows\System32\msvcp_win.dll
0x00007ff9c0e40000 - 0x00007ff9c10e5000 	C:\Windows\WinSxS\amd64_microsoft.windows.common-controls_6595b64144ccf1df_6.0.22000.120_none_9d947278b86cc467\COMCTL32.dll
0x00007ff9f2f50000 - 0x00007ff9f2ff3000 	C:\Windows\System32\msvcrt.dll
0x00007ff9f3530000 - 0x00007ff9f3561000 	C:\Windows\System32\IMM32.DLL
0x00007ff9e2630000 - 0x00007ff9e263c000 	c:\Users\muham\.vscode\extensions\redhat.java-1.9.0-win32-x64\jre\17.0.3-win32-x86_64\bin\vcruntime140_1.dll
0x00007ff9682e0000 - 0x00007ff968371000 	c:\Users\muham\.vscode\extensions\redhat.java-1.9.0-win32-x64\jre\17.0.3-win32-x86_64\bin\msvcp140.dll
0x00007ff934600000 - 0x00007ff935248000 	c:\Users\muham\.vscode\extensions\redhat.java-1.9.0-win32-x64\jre\17.0.3-win32-x86_64\bin\server\jvm.dll
0x00007ff9f3660000 - 0x00007ff9f370e000 	C:\Windows\System32\ADVAPI32.dll
0x00007ff9f3570000 - 0x00007ff9f360e000 	C:\Windows\System32\sechost.dll
0x00007ff9f3710000 - 0x00007ff9f3830000 	C:\Windows\System32\RPCRT4.dll
0x00007ff9f1f20000 - 0x00007ff9f1f28000 	C:\Windows\System32\PSAPI.DLL
0x00007ff9dfaa0000 - 0x00007ff9dfaa9000 	C:\Windows\SYSTEM32\WSOCK32.dll
0x00007ff9f38e0000 - 0x00007ff9f394f000 	C:\Windows\System32\WS2_32.dll
0x00007ff9eba00000 - 0x00007ff9eba33000 	C:\Windows\SYSTEM32\WINMM.dll
0x00007ff9e72d0000 - 0x00007ff9e72da000 	C:\Windows\SYSTEM32\VERSION.dll
0x00007ff9f03c0000 - 0x00007ff9f03d8000 	C:\Windows\SYSTEM32\kernel.appcore.dll
0x00007ff9e1d00000 - 0x00007ff9e1d0a000 	c:\Users\muham\.vscode\extensions\redhat.java-1.9.0-win32-x64\jre\17.0.3-win32-x86_64\bin\jimage.dll
0x00007ff9c6740000 - 0x00007ff9c6961000 	C:\Windows\SYSTEM32\DBGHELP.DLL
0x00007ff9c6630000 - 0x00007ff9c6661000 	C:\Windows\SYSTEM32\dbgcore.DLL
0x00007ff9f1720000 - 0x00007ff9f179f000 	C:\Windows\System32\bcryptPrimitives.dll
0x00007ff9bf330000 - 0x00007ff9bf355000 	c:\Users\muham\.vscode\extensions\redhat.java-1.9.0-win32-x64\jre\17.0.3-win32-x86_64\bin\java.dll
0x00007ff9c5c20000 - 0x00007ff9c5c38000 	c:\Users\muham\.vscode\extensions\redhat.java-1.9.0-win32-x64\jre\17.0.3-win32-x86_64\bin\zip.dll
0x00007ff9f2180000 - 0x00007ff9f2938000 	C:\Windows\System32\SHELL32.dll
0x00007ff9ef430000 - 0x00007ff9efc97000 	C:\Windows\SYSTEM32\windows.storage.dll
0x00007ff9f2bd0000 - 0x00007ff9f2f49000 	C:\Windows\System32\combase.dll
0x00007ff9ef2c0000 - 0x00007ff9ef426000 	C:\Windows\SYSTEM32\wintypes.dll
0x00007ff9f1f30000 - 0x00007ff9f201a000 	C:\Windows\System32\SHCORE.dll
0x00007ff9f2020000 - 0x00007ff9f207d000 	C:\Windows\System32\shlwapi.dll
0x00007ff9f1230000 - 0x00007ff9f1251000 	C:\Windows\SYSTEM32\profapi.dll
0x00007ff9c4ab0000 - 0x00007ff9c4ac9000 	C:\Users\muham\.vscode\extensions\redhat.java-1.9.0-win32-x64\jre\17.0.3-win32-x86_64\bin\net.dll
0x00007ff9ea400000 - 0x00007ff9ea50c000 	C:\Windows\SYSTEM32\WINHTTP.dll
0x00007ff9f07e0000 - 0x00007ff9f0847000 	C:\Windows\system32\mswsock.dll
0x00007ff9be280000 - 0x00007ff9be295000 	C:\Users\muham\.vscode\extensions\redhat.java-1.9.0-win32-x64\jre\17.0.3-win32-x86_64\bin\nio.dll
0x00007ff9e17a0000 - 0x00007ff9e17b0000 	c:\Users\muham\.vscode\extensions\redhat.java-1.9.0-win32-x64\jre\17.0.3-win32-x86_64\bin\verify.dll
0x00007ff9bf3b0000 - 0x00007ff9bf3b9000 	C:\Users\muham\.vscode\extensions\redhat.java-1.9.0-win32-x64\jre\17.0.3-win32-x86_64\bin\management.dll
0x00007ff9be270000 - 0x00007ff9be27b000 	C:\Users\muham\.vscode\extensions\redhat.java-1.9.0-win32-x64\jre\17.0.3-win32-x86_64\bin\management_ext.dll
0x00007ff9b8830000 - 0x00007ff9b8847000 	C:\Windows\system32\napinsp.dll
0x00007ff9b8810000 - 0x00007ff9b882b000 	C:\Windows\system32\pnrpnsp.dll
0x00007ff9eff20000 - 0x00007ff9f0008000 	C:\Windows\SYSTEM32\DNSAPI.dll
0x00007ff9efef0000 - 0x00007ff9eff1d000 	C:\Windows\SYSTEM32\IPHLPAPI.DLL
0x00007ff9f3650000 - 0x00007ff9f3659000 	C:\Windows\System32\NSI.dll
0x00007ff9b7220000 - 0x00007ff9b7232000 	C:\Windows\System32\winrnr.dll
0x00007ff9ea220000 - 0x00007ff9ea235000 	C:\Windows\system32\wshbth.dll
0x00007ff9b7200000 - 0x00007ff9b721f000 	C:\Windows\system32\nlansp_c.dll
0x00007ff9e74c0000 - 0x00007ff9e74ca000 	C:\Windows\System32\rasadhlp.dll
0x00007ff9e8c90000 - 0x00007ff9e8d11000 	C:\Windows\System32\fwpuclnt.dll
0x00007ff9f0ab0000 - 0x00007ff9f0ac8000 	C:\Windows\SYSTEM32\CRYPTSP.dll
0x00007ff9f0320000 - 0x00007ff9f0355000 	C:\Windows\system32\rsaenh.dll
0x00007ff9f0880000 - 0x00007ff9f08a9000 	C:\Windows\SYSTEM32\USERENV.dll
0x00007ff9f0bf0000 - 0x00007ff9f0c17000 	C:\Windows\SYSTEM32\bcrypt.dll
0x00007ff9f09d0000 - 0x00007ff9f09dc000 	C:\Windows\SYSTEM32\CRYPTBASE.dll
0x00007ff9ea320000 - 0x00007ff9ea339000 	C:\Windows\SYSTEM32\dhcpcsvc6.DLL
0x00007ff9eb9c0000 - 0x00007ff9eb9de000 	C:\Windows\SYSTEM32\dhcpcsvc.DLL

dbghelp: loaded successfully - version: 4.0.5 - missing functions: none
symbol engine: initialized successfully - sym options: 0x614 - pdb path: .;c:\Users\muham\.vscode\extensions\redhat.java-1.9.0-win32-x64\jre\17.0.3-win32-x86_64\bin;C:\Windows\SYSTEM32;C:\Windows\WinSxS\amd64_microsoft.windows.common-controls_6595b64144ccf1df_6.0.22000.120_none_9d947278b86cc467;c:\Users\muham\.vscode\extensions\redhat.java-1.9.0-win32-x64\jre\17.0.3-win32-x86_64\bin\server

VM Arguments:
jvm_args: --add-modules=ALL-SYSTEM --add-exports=jdk.compiler/com.sun.tools.javac.file=ALL-UNNAMED --add-exports=jdk.compiler/com.sun.tools.javac.util=ALL-UNNAMED --add-exports=jdk.compiler/com.sun.tools.javac.comp=ALL-UNNAMED --add-exports=jdk.compiler/com.sun.tools.javac.main=ALL-UNNAMED --add-exports=jdk.compiler/com.sun.tools.javac.tree=ALL-UNNAMED --add-exports=jdk.compiler/com.sun.tools.javac.code=ALL-UNNAMED -Dsts.lsp.client=vscode -Dsts.log.file=/dev/null -XX:TieredStopAtLevel=1 -Dspring.config.location=file:c:\Users\muham\.vscode\extensions\pivotal.vscode-spring-boot-1.36.0\language-server\BOOT-INF\classes\application.properties 
java_command: org.springframework.ide.vscode.boot.app.BootLanguageServerBootApp
java_class_path (initial): c:\Users\muham\.vscode\extensions\pivotal.vscode-spring-boot-1.36.0\language-server\BOOT-INF\classes;c:\Users\muham\.vscode\extensions\pivotal.vscode-spring-boot-1.36.0\language-server\BOOT-INF\lib\annotations-23.0.0.jar;c:\Users\muham\.vscode\extensions\pivotal.vscode-spring-boot-1.36.0\language-server\BOOT-INF\lib\antlr-runtime-3.5.2.jar;c:\Users\muham\.vscode\extensions\pivotal.vscode-spring-boot-1.36.0\language-server\BOOT-INF\lib\antlr4-4.9.3.jar;c:\Users\muham\.vscode\extensions\pivotal.vscode-spring-boot-1.36.0\language-server\BOOT-INF\lib\antlr4-runtime-4.9.3.jar;c:\Users\muham\.vscode\extensions\pivotal.vscode-spring-boot-1.36.0\language-server\BOOT-INF\lib\asm-9.3.jar;c:\Users\muham\.vscode\extensions\pivotal.vscode-spring-boot-1.36.0\language-server\BOOT-INF\lib\asm-analysis-9.3.jar;c:\Users\muham\.vscode\extensions\pivotal.vscode-spring-boot-1.36.0\language-server\BOOT-INF\lib\asm-tree-9.3.jar;c:\Users\muham\.vscode\extensions\pivotal.vscode-spring-boot-1.36.0\language-server\BOOT-INF\lib\asm-util-9.3.jar;c:\Users\muham\.vscode\extensions\pivotal.vscode-spring-boot-1.36.0\language-server\BOOT-INF\lib\byte-buddy-1.10.18.jar;c:\Users\muham\.vscode\extensions\pivotal.vscode-spring-boot-1.36.0\language-server\BOOT-INF\lib\caffeine-2.8.6.jar;c:\Users\muham\.vscode\extensions\pivotal.vscode-spring-boot-1.36.0\language-server\BOOT-INF\lib\checker-qual-3.12.0.jar;c:\Users\muham\.vscode\extensions\pivotal.vscode-spring-boot-1.36.0\language-server\BOOT-INF\lib\classgraph-4.8.146.jar;c:\Users\muham\.vscode\extensions\pivotal.vscode-spring-boot-1.36.0\language-server\BOOT-INF\lib\commons-codec-1.14.jar;c:\Users\muham\.vscode\extensions\pivotal.vscode-spring-boot-1.36.0\language-server\BOOT-INF\lib\commons-compress-1.21.jar;c:\Users\muham\.vscode\extensions\pivotal.vscode-spring-boot-1.36.0\language-server\BOOT-INF\lib\commons-exec-1.3.jar;c:\Users\muham\.vscode\extensions\pivotal.vscode-spring-boot-1.36.0\language-server\BOOT-INF\lib\com
Launcher Type: SUN_STANDARD

[Global flags]
     intx CICompilerCount                          = 4                                         {product} {ergonomic}
     uint ConcGCThreads                            = 2                                         {product} {ergonomic}
     uint G1ConcRefinementThreads                  = 8                                         {product} {ergonomic}
   size_t G1HeapRegionSize                         = 1048576                                   {product} {ergonomic}
    uintx GCDrainStackTargetSize                   = 64                                        {product} {ergonomic}
   size_t InitialHeapSize                          = 100663296                                 {product} {ergonomic}
   size_t MarkStackSize                            = 4194304                                   {product} {ergonomic}
   size_t MaxHeapSize                              = 1579155456                                {product} {ergonomic}
   size_t MaxNewSize                               = 946864128                                 {product} {ergonomic}
   size_t MinHeapDeltaBytes                        = 1048576                                   {product} {ergonomic}
   size_t MinHeapSize                              = 8388608                                   {product} {ergonomic}
    uintx NonProfiledCodeHeapSize                  = 0                                      {pd product} {ergonomic}
     bool ProfileInterpreter                       = false                                  {pd product} {command line}
    uintx ProfiledCodeHeapSize                     = 0                                      {pd product} {ergonomic}
   size_t SoftMaxHeapSize                          = 1579155456                             {manageable} {ergonomic}
     intx TieredStopAtLevel                        = 1                                         {product} {command line}
     bool UseCompressedClassPointers               = true                           {product lp64_product} {ergonomic}
     bool UseCompressedOops                        = true                           {product lp64_product} {ergonomic}
     bool UseG1GC                                  = true                                      {product} {ergonomic}
     bool UseLargePagesIndividualAllocation        = false                                  {pd product} {ergonomic}

Logging:
Log output configuration:
 #0: stdout all=warning uptime,level,tags
 #1: stderr all=off uptime,level,tags

Environment Variables:
PATH=C:\oracle\V982656-01\bin;C:\Program Files\Microsoft MPI\Bin\;C:\Program Files\Microsoft\jdk-11.0.12.7-hotspot\bin;C:\Windows\system32;C:\Windows;C:\Windows\System32\Wbem;C:\Windows\System32\WindowsPowerShell\v1.0\;C:\Windows\System32\OpenSSH\;C:\Program Files\Microsoft SQL Server\110\Tools\Binn\;C:\Program Files (x86)\Microsoft SQL Server\110\Tools\Binn\;C:\Program Files\Microsoft SQL Server\110\DTS\Binn\;C:\Program Files\Microsoft SQL Server\150\Tools\Binn\;C:\Program Files\Microsoft SQL Server\Client SDK\ODBC\170\Tools\Binn\;C:\Program Files\dotnet\;C:\Program Files\nodejs\;C:\ProgramData\chocolatey\bin;C:\Program Files\Git\cmd;C:\Program Files (x86)\Microsoft SQL Server\150\DTS\Binn\;C:\Program Files\Microsoft SQL Server\150\DTS\Binn\;C:\Program Files (x86)\Microsoft SQL Server\150\Tools\Binn\;C:\Program Files\Azure Data Studio\bin;C:\Program Files\Docker\Docker\resources\bin;C:\ProgramData\DockerDesktop\version-bin;C:\xampp\php;C:\ProgramData\ComposerSetup\bin;C:\Users\muham\AppData\Local\Programs\Python\Python310\Scripts\;C:\Users\muham\AppData\Local\Programs\Python\Python310\;C:\Users\muham\AppData\Local\Microsoft\WindowsApps;C:\Users\muham\AppData\Local\Programs\Microsoft VS Code\bin;C:\Users\muham\.dotnet\tools;C:\Users\muham\AppData\Roaming\npm;C:\Program Files\Azure Data Studio\bin;C:\Program Files\JetBrains\PyCharm Community Edition 2021.3.2\bin;C:\Users\muham\AppData\Local\atom\bin;C:\Users\muham\flutter\bin;C:\Users\muham\AppData\Roaming\Composer\vendor\bin;C:\Program Files\JetBrains\IntelliJ IDEA Community Edition 2021.3.2\bin;;C:\Program Files\JetBrains\PyCharm Community Edition 2022.1\bin;;C:\Program Files\JetBrains\WebStorm 2022.1\bin;;C:\Program Files\JetBrains\PhpStorm 2022.1\bin;;C:\Program Files\JetBrains\CLion 2022.1\bin;
USERNAME=muham
OS=Windows_NT
PROCESSOR_IDENTIFIER=AMD64 Family 23 Model 24 Stepping 1, AuthenticAMD



---------------  S Y S T E M  ---------------

OS:
 Windows 11 , 64 bit Build 22000 (10.0.22000.708)
OS uptime: 0 days 13:17 hours
Hyper-V role detected

CPU: total 8 (initial active 8) (8 cores per cpu, 2 threads per core) family 23 model 24 stepping 1 microcode 0x0, cx8, cmov, fxsr, ht, mmx, 3dnowpref, sse, sse2, sse3, ssse3, sse4a, sse4.1, sse4.2, popcnt, lzcnt, tsc, tscinvbit, avx, avx2, aes, clmul, bmi1, bmi2, adx, sha, fma, vzeroupper, clflush, clflushopt, hv

Memory: 4k page, system-wide physical 6020M (73M free)
TotalPageFile size 24452M (AvailPageFile size 0M)
current process WorkingSet (physical memory assigned to process): 50M, peak: 415M
current process commit charge ("private bytes"): 241M, peak: 484M

vm_info: OpenJDK 64-Bit Server VM (17.0.3+7) for windows-amd64 JRE (17.0.3+7), built on Apr 19 2022 16:55:35 by "" with MS VC++ 16.7 (VS2019)

END.
